[ 2016-03-28T21:37:40+08:00 ] ::1 /thinkphp/
INFO: [ app_init ] --START--
INFO: Run Behavior\BuildLiteBehavior [ RunTime:0.000015s ]
INFO: [ app_init ] --END-- [ RunTime:0.000488s ]
INFO: [ app_begin ] --START--
INFO: Run Behavior\ReadHtmlCacheBehavior [ RunTime:0.000549s ]
INFO: [ app_begin ] --END-- [ RunTime:0.000589s ]
NOTIC: [8] Undefined index: username F:\php\WWW\thinkphp\bbs\Home\Controller\IndexController.class.php 第 17 行.
INFO: [ view_parse ] --START--
INFO: [ template_filter ] --START--
INFO: Run Behavior\ContentReplaceBehavior [ RunTime:0.000050s ]
INFO: [ template_filter ] --END-- [ RunTime:0.000097s ]
SQL: SHOW COLUMNS FROM `tg_pro` [ RunTime:0.0470s ]
NOTIC: [8] Undefined index: username F:\php\WWW\thinkphp\bbs\Common\Common\function.php 第 134 行.
SQL: SELECT `pro_name`,`pro_url` FROM `tg_pro` WHERE ( pro_id=1 OR pro_id=2 ) ORDER BY pro_ord desc  [ RunTime:0.0005s ]
SQL: SHOW COLUMNS FROM `tg_guest` [ RunTime:0.0883s ]
SQL: SELECT `tg_id`,`tg_username` FROM `tg_guest` ORDER BY tg_reg_time desc LIMIT 10   [ RunTime:0.0011s ]
NOTIC: [8] Undefined index: username F:\php\WWW\thinkphp\bbs\Common\Common\function.php 第 166 行.
SQL: SELECT `tg_id` FROM `tg_guest` WHERE ( tg_username='' ) LIMIT 1   [ RunTime:0.0008s ]
NOTIC: [8] Undefined index: username F:\php\WWW\thinkphp\bbs\Common\Common\function.php 第 171 行.
NOTIC: [8] Undefined index: username F:\php\WWW\thinkphp\bbs\Common\Common\function.php 第 171 行.
NOTIC: [8] Undefined index: username F:\php\WWW\thinkphp\bbs\Common\Common\function.php 第 171 行.
NOTIC: [8] Undefined index: username F:\php\WWW\thinkphp\bbs\Common\Common\function.php 第 171 行.
NOTIC: [8] Undefined index: username F:\php\WWW\thinkphp\bbs\Common\Common\function.php 第 171 行.
NOTIC: [8] Undefined index: username F:\php\WWW\thinkphp\bbs\Common\Common\function.php 第 171 行.
NOTIC: [8] Undefined index: username F:\php\WWW\thinkphp\bbs\Common\Common\function.php 第 171 行.
NOTIC: [8] Undefined index: username F:\php\WWW\thinkphp\bbs\Common\Common\function.php 第 171 行.
NOTIC: [8] Undefined index: username F:\php\WWW\thinkphp\bbs\Common\Common\function.php 第 171 行.
NOTIC: [8] Undefined index: username F:\php\WWW\thinkphp\bbs\Common\Common\function.php 第 171 行.
INFO: Run Behavior\ParseTemplateBehavior [ RunTime:1.190172s ]
INFO: [ view_parse ] --END-- [ RunTime:1.190410s ]
INFO: [ view_filter ] --START--
INFO: Run Behavior\WriteHtmlCacheBehavior [ RunTime:0.002038s ]
INFO: [ view_filter ] --END-- [ RunTime:0.002225s ]
INFO: [ app_end ] --START--
INFO: Run Behavior\ShowPageTraceBehavior [ RunTime:0.003246s ]
INFO: [ app_end ] --END-- [ RunTime:0.003439s ]

[ 2016-03-28T21:37:46+08:00 ] ::1 /thinkphp/index.php/Home/Login/login
INFO: [ app_init ] --START--
INFO: Run Behavior\BuildLiteBehavior [ RunTime:0.000010s ]
INFO: [ app_init ] --END-- [ RunTime:0.000536s ]
INFO: [ app_begin ] --START--
INFO: Run Behavior\ReadHtmlCacheBehavior [ RunTime:0.000615s ]
INFO: [ app_begin ] --END-- [ RunTime:0.000657s ]
INFO: [ view_parse ] --START--
INFO: [ template_filter ] --START--
INFO: Run Behavior\ContentReplaceBehavior [ RunTime:0.000033s ]
INFO: [ template_filter ] --END-- [ RunTime:0.000081s ]
SQL: SHOW COLUMNS FROM `tg_pro` [ RunTime:0.0157s ]
NOTIC: [8] Undefined index: username F:\php\WWW\thinkphp\bbs\Common\Common\function.php 第 134 行.
SQL: SELECT `pro_name`,`pro_url` FROM `tg_pro` WHERE ( pro_id=1 OR pro_id=2 ) ORDER BY pro_ord desc  [ RunTime:0.0010s ]
INFO: Run Behavior\ParseTemplateBehavior [ RunTime:1.053825s ]
INFO: [ view_parse ] --END-- [ RunTime:1.053899s ]
INFO: [ view_filter ] --START--
INFO: Run Behavior\WriteHtmlCacheBehavior [ RunTime:0.001416s ]
INFO: [ view_filter ] --END-- [ RunTime:0.001531s ]
INFO: [ app_end ] --START--
INFO: Run Behavior\ShowPageTraceBehavior [ RunTime:0.001862s ]
INFO: [ app_end ] --END-- [ RunTime:0.001996s ]

[ 2016-03-28T21:37:47+08:00 ] ::1 /thinkphp/index.php/Home/Base/code
INFO: [ app_init ] --START--
INFO: Run Behavior\BuildLiteBehavior [ RunTime:0.000011s ]
INFO: [ app_init ] --END-- [ RunTime:0.000463s ]
INFO: [ app_begin ] --START--
INFO: Run Behavior\ReadHtmlCacheBehavior [ RunTime:0.000546s ]
INFO: [ app_begin ] --END-- [ RunTime:0.000591s ]
NOTIC: [8] A session had already been started - ignoring session_start() F:\php\WWW\thinkphp\bbs\Common\Common\function.php 第 22 行.
NOTIC: [8] Undefined variable: _num F:\php\WWW\thinkphp\bbs\Common\Common\function.php 第 25 行.
INFO: [ app_end ] --START--
INFO: Run Behavior\ShowPageTraceBehavior [ RunTime:0.000678s ]
INFO: [ app_end ] --END-- [ RunTime:0.000736s ]

[ 2016-03-28T21:37:58+08:00 ] ::1 /thinkphp/index.php/Home/Base/checkcode
INFO: [ app_init ] --START--
INFO: Run Behavior\BuildLiteBehavior [ RunTime:0.000009s ]
INFO: [ app_init ] --END-- [ RunTime:0.000469s ]
INFO: [ app_begin ] --START--
INFO: Run Behavior\ReadHtmlCacheBehavior [ RunTime:0.000558s ]
INFO: [ app_begin ] --END-- [ RunTime:0.000593s ]
INFO: [ app_end ] --START--
INFO: Run Behavior\ShowPageTraceBehavior [ RunTime:0.000570s ]
INFO: [ app_end ] --END-- [ RunTime:0.000608s ]

[ 2016-03-28T21:38:00+08:00 ] ::1 /thinkphp/index.php/Home/Login/checklogin
INFO: [ app_init ] --START--
INFO: Run Behavior\BuildLiteBehavior [ RunTime:0.000009s ]
INFO: [ app_init ] --END-- [ RunTime:0.000476s ]
INFO: [ app_begin ] --START--
INFO: Run Behavior\ReadHtmlCacheBehavior [ RunTime:0.000553s ]
INFO: [ app_begin ] --END-- [ RunTime:0.000587s ]
SQL: SHOW COLUMNS FROM `tg_guest` [ RunTime:0.0157s ]
SQL: SELECT `tg_active` FROM `tg_guest` WHERE ( tg_username='小兰' ) LIMIT 1   [ RunTime:0.0009s ]
SQL: SELECT COUNT(*) AS tp_count FROM `tg_guest` WHERE ( tg_username='小兰' AND tg_password='4d9012b4a77a9524d675dad27c3276ab5705e5e8' ) LIMIT 1   [ RunTime:0.0010s ]
INFO: [ app_end ] --START--
INFO: Run Behavior\ShowPageTraceBehavior [ RunTime:0.001903s ]
INFO: [ app_end ] --END-- [ RunTime:0.002026s ]

[ 2016-03-28T21:38:01+08:00 ] ::1 /thinkphp/index.php/Home/Index/index
INFO: [ app_init ] --START--
INFO: Run Behavior\BuildLiteBehavior [ RunTime:0.000015s ]
INFO: [ app_init ] --END-- [ RunTime:0.000553s ]
INFO: [ app_begin ] --START--
INFO: Run Behavior\ReadHtmlCacheBehavior [ RunTime:0.000563s ]
INFO: [ app_begin ] --END-- [ RunTime:0.000615s ]
SQL: SHOW COLUMNS FROM `tg_guest` [ RunTime:0.0139s ]
SQL: UPDATE `tg_guest` SET `tg_last_time`='2016-03-28 21:38:01',`tg_last_ip`='::1' WHERE ( tg_username='小兰' ) [ RunTime:0.0016s ]
INFO: [ view_parse ] --START--
INFO: [ template_filter ] --START--
INFO: Run Behavior\ContentReplaceBehavior [ RunTime:0.000085s ]
INFO: [ template_filter ] --END-- [ RunTime:0.000217s ]
SQL: SHOW COLUMNS FROM `tg_pro` [ RunTime:0.0155s ]
SQL: SELECT `pro_name`,`pro_url` FROM `tg_pro` WHERE ( pro_id=1 OR pro_id=3 ) ORDER BY pro_ord desc  [ RunTime:0.0012s ]
SQL: SELECT `tg_id`,`tg_username` FROM `tg_guest` ORDER BY tg_reg_time desc LIMIT 10   [ RunTime:0.0010s ]
SQL: SELECT `tg_id` FROM `tg_guest` WHERE ( tg_username='小兰' ) LIMIT 1   [ RunTime:0.0009s ]
SQL: SHOW COLUMNS FROM `tg_infor` [ RunTime:0.1349s ]
SQL: SELECT `infor_fri` FROM `tg_infor` WHERE ( infor_uid='13' ) LIMIT 1   [ RunTime:0.0010s ]
SQL: SELECT `infor_fri` FROM `tg_infor` WHERE ( infor_uid='13' ) LIMIT 1   [ RunTime:0.0009s ]
SQL: SELECT `infor_fri` FROM `tg_infor` WHERE ( infor_uid='13' ) LIMIT 1   [ RunTime:0.0007s ]
SQL: SELECT `infor_fri` FROM `tg_infor` WHERE ( infor_uid='13' ) LIMIT 1   [ RunTime:0.0007s ]
SQL: SELECT `infor_fri` FROM `tg_infor` WHERE ( infor_uid='13' ) LIMIT 1   [ RunTime:0.0009s ]
SQL: SELECT `infor_fri` FROM `tg_infor` WHERE ( infor_uid='13' ) LIMIT 1   [ RunTime:0.0008s ]
SQL: SELECT `infor_fri` FROM `tg_infor` WHERE ( infor_uid='13' ) LIMIT 1   [ RunTime:0.0009s ]
SQL: SELECT `infor_fri` FROM `tg_infor` WHERE ( infor_uid='13' ) LIMIT 1   [ RunTime:0.0008s ]
SQL: SELECT `infor_fri` FROM `tg_infor` WHERE ( infor_uid='13' ) LIMIT 1   [ RunTime:0.0008s ]
SQL: SELECT `infor_fri` FROM `tg_infor` WHERE ( infor_uid='13' ) LIMIT 1   [ RunTime:0.0008s ]
INFO: Run Behavior\ParseTemplateBehavior [ RunTime:0.183166s ]
INFO: [ view_parse ] --END-- [ RunTime:0.183270s ]
INFO: [ view_filter ] --START--
INFO: Run Behavior\WriteHtmlCacheBehavior [ RunTime:0.001402s ]
INFO: [ view_filter ] --END-- [ RunTime:0.001513s ]
INFO: [ app_end ] --START--
INFO: Run Behavior\ShowPageTraceBehavior [ RunTime:0.001829s ]
INFO: [ app_end ] --END-- [ RunTime:0.001940s ]

[ 2016-03-28T21:40:02+08:00 ] 192.168.31.172 /thinkphp/index.php/Home/Index/index
INFO: [ app_init ] --START--
INFO: Run Behavior\BuildLiteBehavior [ RunTime:0.000011s ]
INFO: [ app_init ] --END-- [ RunTime:0.000768s ]
INFO: [ app_begin ] --START--
INFO: Run Behavior\ReadHtmlCacheBehavior [ RunTime:0.001214s ]
INFO: [ app_begin ] --END-- [ RunTime:0.001290s ]
NOTIC: [8] Undefined index: username F:\php\WWW\thinkphp\bbs\Home\Controller\IndexController.class.php 第 17 行.
INFO: [ view_parse ] --START--
INFO: [ template_filter ] --START--
INFO: Run Behavior\ContentReplaceBehavior [ RunTime:0.000044s ]
INFO: [ template_filter ] --END-- [ RunTime:0.000095s ]
SQL: SHOW COLUMNS FROM `tg_pro` [ RunTime:0.0147s ]
NOTIC: [8] Undefined index: username F:\php\WWW\thinkphp\bbs\Common\Common\function.php 第 134 行.
SQL: SELECT `pro_name`,`pro_url` FROM `tg_pro` WHERE ( pro_id=1 OR pro_id=2 ) ORDER BY pro_ord desc  [ RunTime:0.0012s ]
SQL: SHOW COLUMNS FROM `tg_guest` [ RunTime:0.0172s ]
SQL: SELECT `tg_id`,`tg_username` FROM `tg_guest` ORDER BY tg_reg_time desc LIMIT 10   [ RunTime:0.0013s ]
NOTIC: [8] Undefined index: username F:\php\WWW\thinkphp\bbs\Common\Common\function.php 第 166 行.
SQL: SELECT `tg_id` FROM `tg_guest` WHERE ( tg_username='' ) LIMIT 1   [ RunTime:0.0009s ]
NOTIC: [8] Undefined index: username F:\php\WWW\thinkphp\bbs\Common\Common\function.php 第 171 行.
NOTIC: [8] Undefined index: username F:\php\WWW\thinkphp\bbs\Common\Common\function.php 第 171 行.
NOTIC: [8] Undefined index: username F:\php\WWW\thinkphp\bbs\Common\Common\function.php 第 171 行.
NOTIC: [8] Undefined index: username F:\php\WWW\thinkphp\bbs\Common\Common\function.php 第 171 行.
NOTIC: [8] Undefined index: username F:\php\WWW\thinkphp\bbs\Common\Common\function.php 第 171 行.
NOTIC: [8] Undefined index: username F:\php\WWW\thinkphp\bbs\Common\Common\function.php 第 171 行.
NOTIC: [8] Undefined index: username F:\php\WWW\thinkphp\bbs\Common\Common\function.php 第 171 行.
NOTIC: [8] Undefined index: username F:\php\WWW\thinkphp\bbs\Common\Common\function.php 第 171 行.
NOTIC: [8] Undefined index: username F:\php\WWW\thinkphp\bbs\Common\Common\function.php 第 171 行.
NOTIC: [8] Undefined index: username F:\php\WWW\thinkphp\bbs\Common\Common\function.php 第 171 行.
INFO: Run Behavior\ParseTemplateBehavior [ RunTime:1.064427s ]
INFO: [ view_parse ] --END-- [ RunTime:1.064533s ]
INFO: [ view_filter ] --START--
INFO: Run Behavior\WriteHtmlCacheBehavior [ RunTime:0.002642s ]
INFO: [ view_filter ] --END-- [ RunTime:0.002759s ]
INFO: [ app_end ] --START--
INFO: Run Behavior\ShowPageTraceBehavior [ RunTime:0.002944s ]
INFO: [ app_end ] --END-- [ RunTime:0.003030s ]

[ 2016-03-28T21:40:05+08:00 ] 192.168.31.172 /thinkphp/index.php/Home/Login/login
INFO: [ app_init ] --START--
INFO: Run Behavior\BuildLiteBehavior [ RunTime:0.000010s ]
INFO: [ app_init ] --END-- [ RunTime:0.000690s ]
INFO: [ app_begin ] --START--
INFO: Run Behavior\ReadHtmlCacheBehavior [ RunTime:0.000990s ]
INFO: [ app_begin ] --END-- [ RunTime:0.001032s ]
INFO: [ view_parse ] --START--
INFO: [ template_filter ] --START--
INFO: Run Behavior\ContentReplaceBehavior [ RunTime:0.000032s ]
INFO: [ template_filter ] --END-- [ RunTime:0.000078s ]
SQL: SHOW COLUMNS FROM `tg_pro` [ RunTime:0.0142s ]
NOTIC: [8] Undefined index: username F:\php\WWW\thinkphp\bbs\Common\Common\function.php 第 134 行.
SQL: SELECT `pro_name`,`pro_url` FROM `tg_pro` WHERE ( pro_id=1 OR pro_id=2 ) ORDER BY pro_ord desc  [ RunTime:0.0012s ]
INFO: Run Behavior\ParseTemplateBehavior [ RunTime:1.040993s ]
INFO: [ view_parse ] --END-- [ RunTime:1.041105s ]
INFO: [ view_filter ] --START--
INFO: Run Behavior\WriteHtmlCacheBehavior [ RunTime:0.003778s ]
INFO: [ view_filter ] --END-- [ RunTime:0.003921s ]
INFO: [ app_end ] --START--
INFO: Run Behavior\ShowPageTraceBehavior [ RunTime:0.003002s ]
INFO: [ app_end ] --END-- [ RunTime:0.003113s ]

[ 2016-03-28T21:40:05+08:00 ] 192.168.31.172 /thinkphp/index.php/Home/Base/code
INFO: [ app_init ] --START--
INFO: Run Behavior\BuildLiteBehavior [ RunTime:0.000012s ]
INFO: [ app_init ] --END-- [ RunTime:0.000680s ]
INFO: [ app_begin ] --START--
INFO: Run Behavior\ReadHtmlCacheBehavior [ RunTime:0.001293s ]
INFO: [ app_begin ] --END-- [ RunTime:0.001400s ]
NOTIC: [8] A session had already been started - ignoring session_start() F:\php\WWW\thinkphp\bbs\Common\Common\function.php 第 22 行.
NOTIC: [8] Undefined variable: _num F:\php\WWW\thinkphp\bbs\Common\Common\function.php 第 25 行.
INFO: [ app_end ] --START--
INFO: Run Behavior\ShowPageTraceBehavior [ RunTime:0.001225s ]
INFO: [ app_end ] --END-- [ RunTime:0.001292s ]

[ 2016-03-28T21:40:15+08:00 ] 192.168.31.172 /thinkphp/index.php/Home/Base/checkcode
INFO: [ app_init ] --START--
INFO: Run Behavior\BuildLiteBehavior [ RunTime:0.000009s ]
INFO: [ app_init ] --END-- [ RunTime:0.000748s ]
INFO: [ app_begin ] --START--
INFO: Run Behavior\ReadHtmlCacheBehavior [ RunTime:0.001007s ]
INFO: [ app_begin ] --END-- [ RunTime:0.001057s ]
INFO: [ app_end ] --START--
INFO: Run Behavior\ShowPageTraceBehavior [ RunTime:0.001082s ]
INFO: [ app_end ] --END-- [ RunTime:0.001138s ]

[ 2016-03-28T21:40:18+08:00 ] 192.168.31.172 /thinkphp/index.php/Home/Login/checklogin
INFO: [ app_init ] --START--
INFO: Run Behavior\BuildLiteBehavior [ RunTime:0.000010s ]
INFO: [ app_init ] --END-- [ RunTime:0.000754s ]
INFO: [ app_begin ] --START--
INFO: Run Behavior\ReadHtmlCacheBehavior [ RunTime:0.001030s ]
INFO: [ app_begin ] --END-- [ RunTime:0.001071s ]
SQL: SHOW COLUMNS FROM `tg_guest` [ RunTime:0.0135s ]
SQL: SELECT `tg_active` FROM `tg_guest` WHERE ( tg_username='小兰' ) LIMIT 1   [ RunTime:0.0006s ]
SQL: SELECT COUNT(*) AS tp_count FROM `tg_guest` WHERE ( tg_username='小兰' AND tg_password='4d9012b4a77a9524d675dad27c3276ab5705e5e8' ) LIMIT 1   [ RunTime:0.0006s ]
INFO: [ app_end ] --START--
INFO: Run Behavior\ShowPageTraceBehavior [ RunTime:0.001951s ]
INFO: [ app_end ] --END-- [ RunTime:0.002018s ]

[ 2016-03-28T21:40:20+08:00 ] 192.168.31.172 /thinkphp/index.php/Home/Index/index
INFO: [ app_init ] --START--
INFO: Run Behavior\BuildLiteBehavior [ RunTime:0.000012s ]
INFO: [ app_init ] --END-- [ RunTime:0.000679s ]
INFO: [ app_begin ] --START--
INFO: Run Behavior\ReadHtmlCacheBehavior [ RunTime:0.001292s ]
INFO: [ app_begin ] --END-- [ RunTime:0.001356s ]
SQL: SHOW COLUMNS FROM `tg_guest` [ RunTime:0.0143s ]
SQL: UPDATE `tg_guest` SET `tg_last_time`='2016-03-28 21:40:20',`tg_last_ip`='192.168.31.172' WHERE ( tg_username='小兰' ) [ RunTime:0.0013s ]
INFO: [ view_parse ] --START--
INFO: [ template_filter ] --START--
INFO: Run Behavior\ContentReplaceBehavior [ RunTime:0.000092s ]
INFO: [ template_filter ] --END-- [ RunTime:0.000226s ]
SQL: SHOW COLUMNS FROM `tg_pro` [ RunTime:0.0510s ]
SQL: SELECT `pro_name`,`pro_url` FROM `tg_pro` WHERE ( pro_id=1 OR pro_id=3 ) ORDER BY pro_ord desc  [ RunTime:0.0006s ]
SQL: SELECT `tg_id`,`tg_username` FROM `tg_guest` ORDER BY tg_reg_time desc LIMIT 10   [ RunTime:0.0005s ]
SQL: SELECT `tg_id` FROM `tg_guest` WHERE ( tg_username='小兰' ) LIMIT 1   [ RunTime:0.0004s ]
SQL: SHOW COLUMNS FROM `tg_infor` [ RunTime:0.0063s ]
SQL: SELECT `infor_fri` FROM `tg_infor` WHERE ( infor_uid='13' ) LIMIT 1   [ RunTime:0.0005s ]
SQL: SELECT `infor_fri` FROM `tg_infor` WHERE ( infor_uid='13' ) LIMIT 1   [ RunTime:0.0004s ]
SQL: SELECT `infor_fri` FROM `tg_infor` WHERE ( infor_uid='13' ) LIMIT 1   [ RunTime:0.0004s ]
SQL: SELECT `infor_fri` FROM `tg_infor` WHERE ( infor_uid='13' ) LIMIT 1   [ RunTime:0.0004s ]
SQL: SELECT `infor_fri` FROM `tg_infor` WHERE ( infor_uid='13' ) LIMIT 1   [ RunTime:0.0004s ]
SQL: SELECT `infor_fri` FROM `tg_infor` WHERE ( infor_uid='13' ) LIMIT 1   [ RunTime:0.0004s ]
SQL: SELECT `infor_fri` FROM `tg_infor` WHERE ( infor_uid='13' ) LIMIT 1   [ RunTime:0.0004s ]
SQL: SELECT `infor_fri` FROM `tg_infor` WHERE ( infor_uid='13' ) LIMIT 1   [ RunTime:0.0004s ]
SQL: SELECT `infor_fri` FROM `tg_infor` WHERE ( infor_uid='13' ) LIMIT 1   [ RunTime:0.0003s ]
SQL: SELECT `infor_fri` FROM `tg_infor` WHERE ( infor_uid='13' ) LIMIT 1   [ RunTime:0.0003s ]
INFO: Run Behavior\ParseTemplateBehavior [ RunTime:0.090831s ]
INFO: [ view_parse ] --END-- [ RunTime:0.090901s ]
INFO: [ view_filter ] --START--
INFO: Run Behavior\WriteHtmlCacheBehavior [ RunTime:0.001190s ]
INFO: [ view_filter ] --END-- [ RunTime:0.001235s ]
INFO: [ app_end ] --START--
INFO: Run Behavior\ShowPageTraceBehavior [ RunTime:0.001292s ]
INFO: [ app_end ] --END-- [ RunTime:0.001338s ]

[ 2016-03-28T21:40:24+08:00 ] 192.168.31.172 /thinkphp/index.php/Home/Infor/index
INFO: [ app_init ] --START--
INFO: Run Behavior\BuildLiteBehavior [ RunTime:0.000009s ]
INFO: [ app_init ] --END-- [ RunTime:0.000674s ]
INFO: [ app_begin ] --START--
INFO: Run Behavior\ReadHtmlCacheBehavior [ RunTime:0.000982s ]
INFO: [ app_begin ] --END-- [ RunTime:0.001031s ]
INFO: [ view_parse ] --START--
INFO: [ template_filter ] --START--
INFO: Run Behavior\ContentReplaceBehavior [ RunTime:0.000033s ]
INFO: [ template_filter ] --END-- [ RunTime:0.000083s ]
SQL: SHOW COLUMNS FROM `tg_pro` [ RunTime:0.0311s ]
SQL: SELECT `pro_name`,`pro_url` FROM `tg_pro` WHERE ( pro_id=1 OR pro_id=3 ) ORDER BY pro_ord desc  [ RunTime:0.0012s ]
SQL: SELECT `pro_name`,`pro_url` FROM `tg_pro` WHERE ( pro_id=6 AND pro_there=2 ) ORDER BY pro_ord  [ RunTime:0.0010s ]
INFO: Run Behavior\ParseTemplateBehavior [ RunTime:1.064036s ]
INFO: [ view_parse ] --END-- [ RunTime:1.064111s ]
INFO: [ view_filter ] --START--
INFO: Run Behavior\WriteHtmlCacheBehavior [ RunTime:0.002676s ]
INFO: [ view_filter ] --END-- [ RunTime:0.002786s ]
INFO: [ app_end ] --START--
INFO: Run Behavior\ShowPageTraceBehavior [ RunTime:0.002951s ]
INFO: [ app_end ] --END-- [ RunTime:0.003059s ]

[ 2016-03-28T21:40:25+08:00 ] 192.168.31.172 /thinkphp/index.php/Home/Infor/myinfor
INFO: [ app_init ] --START--
INFO: Run Behavior\BuildLiteBehavior [ RunTime:0.000026s ]
INFO: [ app_init ] --END-- [ RunTime:0.001976s ]
INFO: [ app_begin ] --START--
INFO: Run Behavior\ReadHtmlCacheBehavior [ RunTime:0.006265s ]
INFO: [ app_begin ] --END-- [ RunTime:0.006487s ]
SQL: SHOW COLUMNS FROM `tg_guest` [ RunTime:0.0130s ]
SQL: SELECT `tg_username`,`tg_face`,`tg_email` FROM `tg_guest` WHERE ( tg_username='小兰' ) LIMIT 1   [ RunTime:0.0010s ]
INFO: [ view_parse ] --START--
INFO: [ template_filter ] --START--
INFO: Run Behavior\ContentReplaceBehavior [ RunTime:0.000077s ]
INFO: [ template_filter ] --END-- [ RunTime:0.000201s ]
NOTIC: [8] Use of undefined constant tg_face - assumed 'tg_face' F:\php\WWW\thinkphp\bbs\Runtime\Cache\Home\0b46702f1f453d4803522578361bed6a.php 第 18 行.
INFO: Run Behavior\ParseTemplateBehavior [ RunTime:0.024348s ]
INFO: [ view_parse ] --END-- [ RunTime:0.024459s ]
INFO: [ view_filter ] --START--
INFO: Run Behavior\WriteHtmlCacheBehavior [ RunTime:0.002260s ]
INFO: [ view_filter ] --END-- [ RunTime:0.002368s ]
INFO: [ app_end ] --START--
INFO: Run Behavior\ShowPageTraceBehavior [ RunTime:0.004041s ]
INFO: [ app_end ] --END-- [ RunTime:0.004192s ]

[ 2016-03-28T21:40:48+08:00 ] 192.168.31.172 /thinkphp/index.php/Home/Infor/myfri
INFO: [ app_init ] --START--
INFO: Run Behavior\BuildLiteBehavior [ RunTime:0.000039s ]
INFO: [ app_init ] --END-- [ RunTime:0.001795s ]
INFO: [ app_begin ] --START--
INFO: Run Behavior\ReadHtmlCacheBehavior [ RunTime:0.002905s ]
INFO: [ app_begin ] --END-- [ RunTime:0.003084s ]
INFO: [ view_parse ] --START--
INFO: [ template_filter ] --START--
INFO: Run Behavior\ContentReplaceBehavior [ RunTime:0.000116s ]
INFO: [ template_filter ] --END-- [ RunTime:0.000487s ]
INFO: Run Behavior\ParseTemplateBehavior [ RunTime:0.024169s ]
INFO: [ view_parse ] --END-- [ RunTime:0.024317s ]
INFO: [ view_filter ] --START--
INFO: Run Behavior\WriteHtmlCacheBehavior [ RunTime:0.001665s ]
INFO: [ view_filter ] --END-- [ RunTime:0.001780s ]
INFO: [ app_end ] --START--
INFO: Run Behavior\ShowPageTraceBehavior [ RunTime:0.001956s ]
INFO: [ app_end ] --END-- [ RunTime:0.002067s ]

[ 2016-03-28T21:56:22+08:00 ] 192.168.31.172 /thinkphp/index.php/Home/Infor/index
INFO: [ app_init ] --START--
INFO: Run Behavior\BuildLiteBehavior [ RunTime:0.000019s ]
INFO: [ app_init ] --END-- [ RunTime:0.000727s ]
INFO: [ app_begin ] --START--
INFO: Run Behavior\ReadHtmlCacheBehavior [ RunTime:0.000756s ]
INFO: [ app_begin ] --END-- [ RunTime:0.000815s ]
INFO: [ view_parse ] --START--
INFO: [ template_filter ] --START--
INFO: Run Behavior\ContentReplaceBehavior [ RunTime:0.000051s ]
INFO: [ template_filter ] --END-- [ RunTime:0.000099s ]
SQL: SHOW COLUMNS FROM `tg_pro` [ RunTime:0.0072s ]
SQL: SELECT `pro_name`,`pro_url` FROM `tg_pro` WHERE ( pro_id=1 OR pro_id=3 ) ORDER BY pro_ord desc  [ RunTime:0.0006s ]
SQL: SELECT `pro_name`,`pro_url` FROM `tg_pro` WHERE ( pro_id=6 AND pro_there=2 ) ORDER BY pro_ord  [ RunTime:0.0005s ]
INFO: Run Behavior\ParseTemplateBehavior [ RunTime:1.045084s ]
INFO: [ view_parse ] --END-- [ RunTime:1.045132s ]
INFO: [ view_filter ] --START--
INFO: Run Behavior\WriteHtmlCacheBehavior [ RunTime:0.000756s ]
INFO: [ view_filter ] --END-- [ RunTime:0.000807s ]
INFO: [ app_end ] --START--
INFO: Run Behavior\ShowPageTraceBehavior [ RunTime:0.000933s ]
INFO: [ app_end ] --END-- [ RunTime:0.000982s ]

[ 2016-03-28T21:56:23+08:00 ] 192.168.31.172 /thinkphp/index.php/Home/Infor/myfri
INFO: [ app_init ] --START--
INFO: Run Behavior\BuildLiteBehavior [ RunTime:0.000015s ]
INFO: [ app_init ] --END-- [ RunTime:0.000647s ]
INFO: [ app_begin ] --START--
INFO: Run Behavior\ReadHtmlCacheBehavior [ RunTime:0.000603s ]
INFO: [ app_begin ] --END-- [ RunTime:0.000657s ]
INFO: [ view_parse ] --START--
INFO: [ template_filter ] --START--
INFO: Run Behavior\ContentReplaceBehavior [ RunTime:0.000042s ]
INFO: [ template_filter ] --END-- [ RunTime:0.000120s ]
SQL: SHOW COLUMNS FROM `tg_guest` [ RunTime:0.0164s ]
SQL: SELECT `tg_id` FROM `tg_guest` WHERE ( tg_username='小兰' ) LIMIT 1   [ RunTime:0.0010s ]
SQL: SHOW COLUMNS FROM `tg_infor` [ RunTime:0.0135s ]
SQL: SELECT `infor_fri` FROM `tg_infor` WHERE ( infor_uid='13' ) LIMIT 1   [ RunTime:0.0011s ]
SQL: SELECT `tg_username` FROM `tg_guest` WHERE ( tg_id='71' ) LIMIT 1   [ RunTime:0.0009s ]
SQL: SELECT `tg_username` FROM `tg_guest` WHERE ( tg_id='70' ) LIMIT 1   [ RunTime:0.0009s ]
SQL: SELECT `tg_username` FROM `tg_guest` WHERE ( tg_id='69' ) LIMIT 1   [ RunTime:0.0009s ]
SQL: SELECT `tg_username` FROM `tg_guest` WHERE ( tg_id='25' ) LIMIT 1   [ RunTime:0.0010s ]
SQL: SELECT `tg_username` FROM `tg_guest` WHERE ( tg_id='' ) LIMIT 1   [ RunTime:0.0007s ]
INFO: Run Behavior\ParseTemplateBehavior [ RunTime:1.059503s ]
INFO: [ view_parse ] --END-- [ RunTime:1.059586s ]
INFO: [ view_filter ] --START--
INFO: Run Behavior\WriteHtmlCacheBehavior [ RunTime:0.001621s ]
INFO: [ view_filter ] --END-- [ RunTime:0.001740s ]
INFO: [ app_end ] --START--
INFO: Run Behavior\ShowPageTraceBehavior [ RunTime:0.001752s ]
INFO: [ app_end ] --END-- [ RunTime:0.001923s ]

[ 2016-03-28T21:59:37+08:00 ] 192.168.31.172 /thinkphp/index.php/Home/Infor/myfri
INFO: [ app_init ] --START--
INFO: Run Behavior\BuildLiteBehavior [ RunTime:0.000011s ]
INFO: [ app_init ] --END-- [ RunTime:0.000525s ]
INFO: [ app_begin ] --START--
INFO: Run Behavior\ReadHtmlCacheBehavior [ RunTime:0.000586s ]
INFO: [ app_begin ] --END-- [ RunTime:0.000630s ]
INFO: [ view_parse ] --START--
INFO: [ template_filter ] --START--
INFO: Run Behavior\ContentReplaceBehavior [ RunTime:0.000046s ]
INFO: [ template_filter ] --END-- [ RunTime:0.000122s ]
SQL: SHOW COLUMNS FROM `tg_guest` [ RunTime:0.0183s ]
SQL: SELECT `tg_id` FROM `tg_guest` WHERE ( tg_username='小兰' ) LIMIT 1   [ RunTime:0.0005s ]
SQL: SHOW COLUMNS FROM `tg_infor` [ RunTime:0.0077s ]
SQL: SELECT `infor_fri` FROM `tg_infor` WHERE ( infor_uid='13' ) LIMIT 1   [ RunTime:0.0004s ]
SQL: SELECT `tg_username` FROM `tg_guest` WHERE ( tg_id='71' ) LIMIT 1   [ RunTime:0.0003s ]
SQL: SELECT `tg_username` FROM `tg_guest` WHERE ( tg_id='70' ) LIMIT 1   [ RunTime:0.0003s ]
SQL: SELECT `tg_username` FROM `tg_guest` WHERE ( tg_id='69' ) LIMIT 1   [ RunTime:0.0003s ]
SQL: SELECT `tg_username` FROM `tg_guest` WHERE ( tg_id='25' ) LIMIT 1   [ RunTime:0.0003s ]
SQL: SELECT `tg_username` FROM `tg_guest` WHERE ( tg_id='' ) LIMIT 1   [ RunTime:0.0003s ]
INFO: Run Behavior\ParseTemplateBehavior [ RunTime:1.049753s ]
INFO: [ view_parse ] --END-- [ RunTime:1.049796s ]
INFO: [ view_filter ] --START--
INFO: Run Behavior\WriteHtmlCacheBehavior [ RunTime:0.000672s ]
INFO: [ view_filter ] --END-- [ RunTime:0.000723s ]
INFO: [ app_end ] --START--
INFO: Run Behavior\ShowPageTraceBehavior [ RunTime:0.000849s ]
INFO: [ app_end ] --END-- [ RunTime:0.000905s ]

[ 2016-03-28T22:00:06+08:00 ] 192.168.31.172 /thinkphp/index.php/Home/Infor/myfri
INFO: [ app_init ] --START--
INFO: Run Behavior\BuildLiteBehavior [ RunTime:0.000010s ]
INFO: [ app_init ] --END-- [ RunTime:0.000471s ]
INFO: [ app_begin ] --START--
INFO: Run Behavior\ReadHtmlCacheBehavior [ RunTime:0.000563s ]
INFO: [ app_begin ] --END-- [ RunTime:0.000602s ]
INFO: [ view_parse ] --START--
INFO: [ template_filter ] --START--
INFO: Run Behavior\ContentReplaceBehavior [ RunTime:0.000029s ]
INFO: [ template_filter ] --END-- [ RunTime:0.000081s ]
SQL: SHOW COLUMNS FROM `tg_guest` [ RunTime:0.0087s ]
SQL: SELECT `tg_id` FROM `tg_guest` WHERE ( tg_username='小兰' ) LIMIT 1   [ RunTime:0.0005s ]
SQL: SHOW COLUMNS FROM `tg_infor` [ RunTime:0.0073s ]
SQL: SELECT `infor_fri` FROM `tg_infor` WHERE ( infor_uid='13' ) LIMIT 1   [ RunTime:0.0007s ]
SQL: SELECT `tg_username` FROM `tg_guest` WHERE ( tg_id='71' ) LIMIT 1   [ RunTime:0.0005s ]
SQL: SELECT `tg_username` FROM `tg_guest` WHERE ( tg_id='70' ) LIMIT 1   [ RunTime:0.0005s ]
SQL: SELECT `tg_username` FROM `tg_guest` WHERE ( tg_id='69' ) LIMIT 1   [ RunTime:0.0004s ]
SQL: SELECT `tg_username` FROM `tg_guest` WHERE ( tg_id='25' ) LIMIT 1   [ RunTime:0.0004s ]
SQL: SELECT `tg_username` FROM `tg_guest` WHERE ( tg_id='' ) LIMIT 1   [ RunTime:0.0003s ]
INFO: Run Behavior\ParseTemplateBehavior [ RunTime:1.045135s ]
INFO: [ view_parse ] --END-- [ RunTime:1.045184s ]
INFO: [ view_filter ] --START--
INFO: Run Behavior\WriteHtmlCacheBehavior [ RunTime:0.000745s ]
INFO: [ view_filter ] --END-- [ RunTime:0.000801s ]
INFO: [ app_end ] --START--
INFO: Run Behavior\ShowPageTraceBehavior [ RunTime:0.000969s ]
INFO: [ app_end ] --END-- [ RunTime:0.001026s ]

[ 2016-03-28T22:03:56+08:00 ] 192.168.31.172 /thinkphp/index.php/Home/Infor/index
INFO: [ app_init ] --START--
INFO: Run Behavior\BuildLiteBehavior [ RunTime:0.000013s ]
INFO: [ app_init ] --END-- [ RunTime:0.000501s ]
INFO: [ app_begin ] --START--
INFO: Run Behavior\ReadHtmlCacheBehavior [ RunTime:0.000809s ]
INFO: [ app_begin ] --END-- [ RunTime:0.000871s ]
INFO: [ view_parse ] --START--
INFO: [ template_filter ] --START--
INFO: Run Behavior\ContentReplaceBehavior [ RunTime:0.000050s ]
INFO: [ template_filter ] --END-- [ RunTime:0.000099s ]
SQL: SHOW COLUMNS FROM `tg_pro` [ RunTime:0.0156s ]
SQL: SELECT `pro_name`,`pro_url` FROM `tg_pro` WHERE ( pro_id=1 OR pro_id=3 ) ORDER BY pro_ord desc  [ RunTime:0.0007s ]
SQL: SELECT `pro_name`,`pro_url` FROM `tg_pro` WHERE ( pro_id=6 AND pro_there=2 ) ORDER BY pro_ord  [ RunTime:0.0006s ]
INFO: Run Behavior\ParseTemplateBehavior [ RunTime:1.046995s ]
INFO: [ view_parse ] --END-- [ RunTime:1.047045s ]
INFO: [ view_filter ] --START--
INFO: Run Behavior\WriteHtmlCacheBehavior [ RunTime:0.000952s ]
INFO: [ view_filter ] --END-- [ RunTime:0.001016s ]
INFO: [ app_end ] --START--
INFO: Run Behavior\ShowPageTraceBehavior [ RunTime:0.001120s ]
INFO: [ app_end ] --END-- [ RunTime:0.001183s ]

[ 2016-03-28T22:03:57+08:00 ] 192.168.31.172 /thinkphp/index.php/Home/Infor/myfri
INFO: [ app_init ] --START--
INFO: Run Behavior\BuildLiteBehavior [ RunTime:0.000011s ]
INFO: [ app_init ] --END-- [ RunTime:0.000487s ]
INFO: [ app_begin ] --START--
INFO: Run Behavior\ReadHtmlCacheBehavior [ RunTime:0.000564s ]
INFO: [ app_begin ] --END-- [ RunTime:0.000612s ]
INFO: [ view_parse ] --START--
INFO: [ template_filter ] --START--
INFO: Run Behavior\ContentReplaceBehavior [ RunTime:0.000029s ]
INFO: [ template_filter ] --END-- [ RunTime:0.000079s ]
SQL: SHOW COLUMNS FROM `tg_guest` [ RunTime:0.0064s ]
SQL: SELECT `tg_id` FROM `tg_guest` WHERE ( tg_username='小兰' ) LIMIT 1   [ RunTime:0.0003s ]
SQL: SHOW COLUMNS FROM `tg_infor` [ RunTime:0.0059s ]
SQL: SELECT `infor_fri` FROM `tg_infor` WHERE ( infor_uid='13' ) LIMIT 1   [ RunTime:0.0003s ]
SQL: SELECT `tg_username` FROM `tg_guest` WHERE ( tg_id='71' ) LIMIT 1   [ RunTime:0.0003s ]
SQL: SELECT `tg_username` FROM `tg_guest` WHERE ( tg_id='70' ) LIMIT 1   [ RunTime:0.0003s ]
SQL: SELECT `tg_username` FROM `tg_guest` WHERE ( tg_id='69' ) LIMIT 1   [ RunTime:0.0003s ]
SQL: SELECT `tg_username` FROM `tg_guest` WHERE ( tg_id='25' ) LIMIT 1   [ RunTime:0.0003s ]
SQL: SELECT `tg_username` FROM `tg_guest` WHERE ( tg_id='' ) LIMIT 1   [ RunTime:0.0003s ]
INFO: Run Behavior\ParseTemplateBehavior [ RunTime:1.073568s ]
INFO: [ view_parse ] --END-- [ RunTime:1.073620s ]
INFO: [ view_filter ] --START--
INFO: Run Behavior\WriteHtmlCacheBehavior [ RunTime:0.000602s ]
INFO: [ view_filter ] --END-- [ RunTime:0.000661s ]
INFO: [ app_end ] --START--
INFO: Run Behavior\ShowPageTraceBehavior [ RunTime:0.000743s ]
INFO: [ app_end ] --END-- [ RunTime:0.000794s ]

[ 2016-03-28T22:03:59+08:00 ] 192.168.31.172 /thinkphp/index.php/Home/Infor/myfri
INFO: [ app_init ] --START--
INFO: Run Behavior\BuildLiteBehavior [ RunTime:0.000019s ]
INFO: [ app_init ] --END-- [ RunTime:0.001117s ]
INFO: [ app_begin ] --START--
INFO: Run Behavior\ReadHtmlCacheBehavior [ RunTime:0.001027s ]
INFO: [ app_begin ] --END-- [ RunTime:0.001102s ]
INFO: [ view_parse ] --START--
INFO: [ template_filter ] --START--
INFO: Run Behavior\ContentReplaceBehavior [ RunTime:0.000042s ]
INFO: [ template_filter ] --END-- [ RunTime:0.000113s ]
SQL: SHOW COLUMNS FROM `tg_guest` [ RunTime:0.0147s ]
SQL: SELECT `tg_id` FROM `tg_guest` WHERE ( tg_username='小兰' ) LIMIT 1   [ RunTime:0.0010s ]
SQL: SHOW COLUMNS FROM `tg_infor` [ RunTime:0.0135s ]
SQL: SELECT `infor_fri` FROM `tg_infor` WHERE ( infor_uid='13' ) LIMIT 1   [ RunTime:0.0009s ]
SQL: SELECT `tg_username` FROM `tg_guest` WHERE ( tg_id='71' ) LIMIT 1   [ RunTime:0.0009s ]
SQL: SELECT `tg_username` FROM `tg_guest` WHERE ( tg_id='70' ) LIMIT 1   [ RunTime:0.0009s ]
SQL: SELECT `tg_username` FROM `tg_guest` WHERE ( tg_id='69' ) LIMIT 1   [ RunTime:0.0008s ]
SQL: SELECT `tg_username` FROM `tg_guest` WHERE ( tg_id='25' ) LIMIT 1   [ RunTime:0.0008s ]
SQL: SELECT `tg_username` FROM `tg_guest` WHERE ( tg_id='' ) LIMIT 1   [ RunTime:0.0005s ]
INFO: Run Behavior\ParseTemplateBehavior [ RunTime:1.081645s ]
INFO: [ view_parse ] --END-- [ RunTime:1.081705s ]
INFO: [ view_filter ] --START--
INFO: Run Behavior\WriteHtmlCacheBehavior [ RunTime:0.000883s ]
INFO: [ view_filter ] --END-- [ RunTime:0.000947s ]
INFO: [ app_end ] --START--
INFO: Run Behavior\ShowPageTraceBehavior [ RunTime:0.001100s ]
INFO: [ app_end ] --END-- [ RunTime:0.001162s ]

[ 2016-03-28T22:06:53+08:00 ] 192.168.31.172 /thinkphp/index.php/Home/Infor/myfri
INFO: [ app_init ] --START--
INFO: Run Behavior\BuildLiteBehavior [ RunTime:0.000013s ]
INFO: [ app_init ] --END-- [ RunTime:0.000636s ]
INFO: [ app_begin ] --START--
INFO: Run Behavior\ReadHtmlCacheBehavior [ RunTime:0.000612s ]
INFO: [ app_begin ] --END-- [ RunTime:0.000655s ]
INFO: [ view_parse ] --START--
INFO: [ template_filter ] --START--
INFO: Run Behavior\ContentReplaceBehavior [ RunTime:0.000030s ]
INFO: [ template_filter ] --END-- [ RunTime:0.000075s ]
SQL: SHOW COLUMNS FROM `tg_guest` [ RunTime:0.0156s ]
SQL: SELECT `tg_id` FROM `tg_guest` WHERE ( tg_username='小兰' ) LIMIT 1   [ RunTime:0.0010s ]
SQL: SHOW COLUMNS FROM `tg_infor` [ RunTime:0.0118s ]
SQL: SELECT `infor_fri` FROM `tg_infor` WHERE ( infor_uid='13' ) LIMIT 1   [ RunTime:0.0006s ]
SQL: SELECT `tg_username` FROM `tg_guest` WHERE ( tg_id='71' ) LIMIT 1   [ RunTime:0.0005s ]
SQL: SELECT `tg_username` FROM `tg_guest` WHERE ( tg_id='70' ) LIMIT 1   [ RunTime:0.0005s ]
SQL: SELECT `tg_username` FROM `tg_guest` WHERE ( tg_id='69' ) LIMIT 1   [ RunTime:0.0005s ]
SQL: SELECT `tg_username` FROM `tg_guest` WHERE ( tg_id='25' ) LIMIT 1   [ RunTime:0.0005s ]
SQL: SELECT `tg_username` FROM `tg_guest` WHERE ( tg_id='' ) LIMIT 1   [ RunTime:0.0005s ]
INFO: Run Behavior\ParseTemplateBehavior [ RunTime:1.080822s ]
INFO: [ view_parse ] --END-- [ RunTime:1.080871s ]
INFO: [ view_filter ] --START--
INFO: Run Behavior\WriteHtmlCacheBehavior [ RunTime:0.000967s ]
INFO: [ view_filter ] --END-- [ RunTime:0.001031s ]
INFO: [ app_end ] --START--
INFO: Run Behavior\ShowPageTraceBehavior [ RunTime:0.001111s ]
INFO: [ app_end ] --END-- [ RunTime:0.001168s ]

[ 2016-03-28T22:07:27+08:00 ] 192.168.31.172 /thinkphp/index.php/Home/Infor/index
INFO: [ app_init ] --START--
INFO: Run Behavior\BuildLiteBehavior [ RunTime:0.000011s ]
INFO: [ app_init ] --END-- [ RunTime:0.000538s ]
INFO: [ app_begin ] --START--
INFO: Run Behavior\ReadHtmlCacheBehavior [ RunTime:0.000588s ]
INFO: [ app_begin ] --END-- [ RunTime:0.000628s ]
INFO: [ view_parse ] --START--
INFO: [ template_filter ] --START--
INFO: Run Behavior\ContentReplaceBehavior [ RunTime:0.000048s ]
INFO: [ template_filter ] --END-- [ RunTime:0.000119s ]
SQL: SHOW COLUMNS FROM `tg_pro` [ RunTime:0.0182s ]
SQL: SELECT `pro_name`,`pro_url` FROM `tg_pro` WHERE ( pro_id=1 OR pro_id=3 ) ORDER BY pro_ord desc  [ RunTime:0.0012s ]
SQL: SELECT `pro_name`,`pro_url` FROM `tg_pro` WHERE ( pro_id=6 AND pro_there=2 ) ORDER BY pro_ord  [ RunTime:0.0010s ]
INFO: Run Behavior\ParseTemplateBehavior [ RunTime:1.047245s ]
INFO: [ view_parse ] --END-- [ RunTime:1.047316s ]
INFO: [ view_filter ] --START--
INFO: Run Behavior\WriteHtmlCacheBehavior [ RunTime:0.001395s ]
INFO: [ view_filter ] --END-- [ RunTime:0.001507s ]
INFO: [ app_end ] --START--
INFO: Run Behavior\ShowPageTraceBehavior [ RunTime:0.001862s ]
INFO: [ app_end ] --END-- [ RunTime:0.001968s ]

[ 2016-03-28T22:07:28+08:00 ] 192.168.31.172 /thinkphp/index.php/Home/Infor/myfri
INFO: [ app_init ] --START--
INFO: Run Behavior\BuildLiteBehavior [ RunTime:0.000011s ]
INFO: [ app_init ] --END-- [ RunTime:0.000552s ]
INFO: [ app_begin ] --START--
INFO: Run Behavior\ReadHtmlCacheBehavior [ RunTime:0.000606s ]
INFO: [ app_begin ] --END-- [ RunTime:0.000653s ]
INFO: [ view_parse ] --START--
INFO: [ template_filter ] --START--
INFO: Run Behavior\ContentReplaceBehavior [ RunTime:0.000029s ]
INFO: [ template_filter ] --END-- [ RunTime:0.000078s ]
SQL: SHOW COLUMNS FROM `tg_guest` [ RunTime:0.0062s ]
SQL: SELECT `tg_id` FROM `tg_guest` WHERE ( tg_username='小兰' ) LIMIT 1   [ RunTime:0.0004s ]
SQL: SHOW COLUMNS FROM `tg_infor` [ RunTime:0.0052s ]
SQL: SELECT `infor_fri` FROM `tg_infor` WHERE ( infor_uid='13' ) LIMIT 1   [ RunTime:0.0003s ]
SQL: SELECT `tg_username` FROM `tg_guest` WHERE ( tg_id='71' ) LIMIT 1   [ RunTime:0.0002s ]
SQL: SELECT `tg_username` FROM `tg_guest` WHERE ( tg_id='70' ) LIMIT 1   [ RunTime:0.0002s ]
SQL: SELECT `tg_username` FROM `tg_guest` WHERE ( tg_id='69' ) LIMIT 1   [ RunTime:0.0002s ]
SQL: SELECT `tg_username` FROM `tg_guest` WHERE ( tg_id='25' ) LIMIT 1   [ RunTime:0.0002s ]
SQL: SELECT `tg_username` FROM `tg_guest` WHERE ( tg_id='' ) LIMIT 1   [ RunTime:0.0003s ]
INFO: Run Behavior\ParseTemplateBehavior [ RunTime:1.058522s ]
INFO: [ view_parse ] --END-- [ RunTime:1.058559s ]
INFO: [ view_filter ] --START--
INFO: Run Behavior\WriteHtmlCacheBehavior [ RunTime:0.000524s ]
INFO: [ view_filter ] --END-- [ RunTime:0.000560s ]
INFO: [ app_end ] --START--
INFO: Run Behavior\ShowPageTraceBehavior [ RunTime:0.000597s ]
INFO: [ app_end ] --END-- [ RunTime:0.000630s ]

[ 2016-03-28T22:12:07+08:00 ] 192.168.31.172 /thinkphp/index.php/Home/Infor/myfri
INFO: [ app_init ] --START--
INFO: Run Behavior\BuildLiteBehavior [ RunTime:0.000013s ]
INFO: [ app_init ] --END-- [ RunTime:0.000492s ]
INFO: [ app_begin ] --START--
INFO: Run Behavior\ReadHtmlCacheBehavior [ RunTime:0.000564s ]
INFO: [ app_begin ] --END-- [ RunTime:0.000604s ]
INFO: [ view_parse ] --START--
INFO: [ template_filter ] --START--
INFO: Run Behavior\ContentReplaceBehavior [ RunTime:0.000047s ]
INFO: [ template_filter ] --END-- [ RunTime:0.000095s ]
SQL: SHOW COLUMNS FROM `tg_guest` [ RunTime:0.0156s ]
SQL: SELECT `tg_id` FROM `tg_guest` WHERE ( tg_username='小兰' ) LIMIT 1   [ RunTime:0.0009s ]
SQL: SHOW COLUMNS FROM `tg_infor` [ RunTime:0.0143s ]
SQL: SELECT `infor_fri` FROM `tg_infor` WHERE ( infor_uid='13' ) LIMIT 1   [ RunTime:0.0009s ]
SQL: SELECT `tg_username` FROM `tg_guest` WHERE ( tg_id='71' ) LIMIT 1   [ RunTime:0.0009s ]
SQL: SELECT `tg_username` FROM `tg_guest` WHERE ( tg_id='70' ) LIMIT 1   [ RunTime:0.0009s ]
SQL: SELECT `tg_username` FROM `tg_guest` WHERE ( tg_id='69' ) LIMIT 1   [ RunTime:0.0009s ]
SQL: SELECT `tg_username` FROM `tg_guest` WHERE ( tg_id='25' ) LIMIT 1   [ RunTime:0.0010s ]
SQL: SELECT `tg_username` FROM `tg_guest` WHERE ( tg_id='' ) LIMIT 1   [ RunTime:0.0008s ]
INFO: Run Behavior\ParseTemplateBehavior [ RunTime:1.079270s ]
INFO: [ view_parse ] --END-- [ RunTime:1.079349s ]
INFO: [ view_filter ] --START--
INFO: Run Behavior\WriteHtmlCacheBehavior [ RunTime:0.001523s ]
INFO: [ view_filter ] --END-- [ RunTime:0.001631s ]
INFO: [ app_end ] --START--
INFO: Run Behavior\ShowPageTraceBehavior [ RunTime:0.001986s ]
INFO: [ app_end ] --END-- [ RunTime:0.002101s ]

[ 2016-03-28T22:12:23+08:00 ] 192.168.31.172 /thinkphp/index.php/Home/Infor/index
INFO: [ app_init ] --START--
INFO: Run Behavior\BuildLiteBehavior [ RunTime:0.000011s ]
INFO: [ app_init ] --END-- [ RunTime:0.000461s ]
INFO: [ app_begin ] --START--
INFO: Run Behavior\ReadHtmlCacheBehavior [ RunTime:0.000539s ]
INFO: [ app_begin ] --END-- [ RunTime:0.000587s ]
INFO: [ view_parse ] --START--
INFO: [ template_filter ] --START--
INFO: Run Behavior\ContentReplaceBehavior [ RunTime:0.000036s ]
INFO: [ template_filter ] --END-- [ RunTime:0.000086s ]
SQL: SHOW COLUMNS FROM `tg_pro` [ RunTime:0.0099s ]
SQL: SELECT `pro_name`,`pro_url` FROM `tg_pro` WHERE ( pro_id=1 OR pro_id=3 ) ORDER BY pro_ord desc  [ RunTime:0.0008s ]
SQL: SELECT `pro_name`,`pro_url` FROM `tg_pro` WHERE ( pro_id=6 AND pro_there=2 ) ORDER BY pro_ord  [ RunTime:0.0007s ]
INFO: Run Behavior\ParseTemplateBehavior [ RunTime:1.068008s ]
INFO: [ view_parse ] --END-- [ RunTime:1.068090s ]
INFO: [ view_filter ] --START--
INFO: Run Behavior\WriteHtmlCacheBehavior [ RunTime:0.001049s ]
INFO: [ view_filter ] --END-- [ RunTime:0.001140s ]
INFO: [ app_end ] --START--
INFO: Run Behavior\ShowPageTraceBehavior [ RunTime:0.001383s ]
INFO: [ app_end ] --END-- [ RunTime:0.001471s ]

[ 2016-03-28T22:12:24+08:00 ] 192.168.31.172 /thinkphp/index.php/Home/Infor/myfri
INFO: [ app_init ] --START--
INFO: Run Behavior\BuildLiteBehavior [ RunTime:0.000015s ]
INFO: [ app_init ] --END-- [ RunTime:0.000648s ]
INFO: [ app_begin ] --START--
INFO: Run Behavior\ReadHtmlCacheBehavior [ RunTime:0.000550s ]
INFO: [ app_begin ] --END-- [ RunTime:0.000596s ]
INFO: [ view_parse ] --START--
INFO: [ template_filter ] --START--
INFO: Run Behavior\ContentReplaceBehavior [ RunTime:0.000043s ]
INFO: [ template_filter ] --END-- [ RunTime:0.000117s ]
SQL: SHOW COLUMNS FROM `tg_guest` [ RunTime:0.0142s ]
SQL: SELECT `tg_id` FROM `tg_guest` WHERE ( tg_username='小兰' ) LIMIT 1   [ RunTime:0.0010s ]
SQL: SHOW COLUMNS FROM `tg_infor` [ RunTime:0.0145s ]
SQL: SELECT `infor_fri` FROM `tg_infor` WHERE ( infor_uid='13' ) LIMIT 1   [ RunTime:0.0010s ]
SQL: SELECT `tg_username` FROM `tg_guest` WHERE ( tg_id='71' ) LIMIT 1   [ RunTime:0.0009s ]
SQL: SELECT `tg_username` FROM `tg_guest` WHERE ( tg_id='70' ) LIMIT 1   [ RunTime:0.0008s ]
SQL: SELECT `tg_username` FROM `tg_guest` WHERE ( tg_id='69' ) LIMIT 1   [ RunTime:0.0008s ]
SQL: SELECT `tg_username` FROM `tg_guest` WHERE ( tg_id='25' ) LIMIT 1   [ RunTime:0.0007s ]
SQL: SELECT `tg_username` FROM `tg_guest` WHERE ( tg_id='' ) LIMIT 1   [ RunTime:0.0007s ]
INFO: Run Behavior\ParseTemplateBehavior [ RunTime:1.072593s ]
INFO: [ view_parse ] --END-- [ RunTime:1.072665s ]
INFO: [ view_filter ] --START--
INFO: Run Behavior\WriteHtmlCacheBehavior [ RunTime:0.001380s ]
INFO: [ view_filter ] --END-- [ RunTime:0.001489s ]
INFO: [ app_end ] --START--
INFO: Run Behavior\ShowPageTraceBehavior [ RunTime:0.001814s ]
INFO: [ app_end ] --END-- [ RunTime:0.001925s ]

[ 2016-03-28T22:12:33+08:00 ] 192.168.31.172 /thinkphp/index.php/Home/Infor/myfri
INFO: [ app_init ] --START--
INFO: Run Behavior\BuildLiteBehavior [ RunTime:0.000008s ]
INFO: [ app_init ] --END-- [ RunTime:0.000499s ]
INFO: [ app_begin ] --START--
INFO: Run Behavior\ReadHtmlCacheBehavior [ RunTime:0.000569s ]
INFO: [ app_begin ] --END-- [ RunTime:0.000608s ]
INFO: [ view_parse ] --START--
INFO: [ template_filter ] --START--
INFO: Run Behavior\ContentReplaceBehavior [ RunTime:0.000028s ]
INFO: [ template_filter ] --END-- [ RunTime:0.000071s ]
SQL: SHOW COLUMNS FROM `tg_guest` [ RunTime:0.0141s ]
SQL: SELECT `tg_id` FROM `tg_guest` WHERE ( tg_username='小兰' ) LIMIT 1   [ RunTime:0.0010s ]
SQL: SHOW COLUMNS FROM `tg_infor` [ RunTime:0.0136s ]
SQL: SELECT `infor_fri` FROM `tg_infor` WHERE ( infor_uid='13' ) LIMIT 1   [ RunTime:0.0009s ]
SQL: SELECT `tg_username` FROM `tg_guest` WHERE ( tg_id='71' ) LIMIT 1   [ RunTime:0.0009s ]
SQL: SELECT `tg_username` FROM `tg_guest` WHERE ( tg_id='70' ) LIMIT 1   [ RunTime:0.0009s ]
SQL: SELECT `tg_username` FROM `tg_guest` WHERE ( tg_id='69' ) LIMIT 1   [ RunTime:0.0008s ]
SQL: SELECT `tg_username` FROM `tg_guest` WHERE ( tg_id='25' ) LIMIT 1   [ RunTime:0.0008s ]
SQL: SELECT `tg_username` FROM `tg_guest` WHERE ( tg_id='' ) LIMIT 1   [ RunTime:0.0008s ]
INFO: Run Behavior\ParseTemplateBehavior [ RunTime:1.057894s ]
INFO: [ view_parse ] --END-- [ RunTime:1.057969s ]
INFO: [ view_filter ] --START--
INFO: Run Behavior\WriteHtmlCacheBehavior [ RunTime:0.001381s ]
INFO: [ view_filter ] --END-- [ RunTime:0.001492s ]
INFO: [ app_end ] --START--
INFO: Run Behavior\ShowPageTraceBehavior [ RunTime:0.001815s ]
INFO: [ app_end ] --END-- [ RunTime:0.001924s ]

[ 2016-03-28T22:13:10+08:00 ] 192.168.31.172 /thinkphp/index.php/Home/Infor/myfri
INFO: [ app_init ] --START--
INFO: Run Behavior\BuildLiteBehavior [ RunTime:0.000010s ]
INFO: [ app_init ] --END-- [ RunTime:0.000477s ]
INFO: [ app_begin ] --START--
INFO: Run Behavior\ReadHtmlCacheBehavior [ RunTime:0.000580s ]
INFO: [ app_begin ] --END-- [ RunTime:0.000619s ]
INFO: [ view_parse ] --START--
INFO: [ template_filter ] --START--
INFO: Run Behavior\ContentReplaceBehavior [ RunTime:0.000030s ]
INFO: [ template_filter ] --END-- [ RunTime:0.000079s ]
SQL: SHOW COLUMNS FROM `tg_guest` [ RunTime:0.0149s ]
SQL: SELECT `tg_id` FROM `tg_guest` WHERE ( tg_username='小兰' ) LIMIT 1   [ RunTime:0.0010s ]
SQL: SHOW COLUMNS FROM `tg_infor` [ RunTime:0.0137s ]
SQL: SELECT `infor_fri` FROM `tg_infor` WHERE ( infor_uid='13' ) LIMIT 1   [ RunTime:0.0009s ]
SQL: SELECT `tg_username` FROM `tg_guest` WHERE ( tg_id='71' ) LIMIT 1   [ RunTime:0.0009s ]
SQL: SELECT `tg_username` FROM `tg_guest` WHERE ( tg_id='70' ) LIMIT 1   [ RunTime:0.0009s ]
SQL: SELECT `tg_username` FROM `tg_guest` WHERE ( tg_id='69' ) LIMIT 1   [ RunTime:0.0008s ]
SQL: SELECT `tg_username` FROM `tg_guest` WHERE ( tg_id='25' ) LIMIT 1   [ RunTime:0.0008s ]
SQL: SELECT `tg_username` FROM `tg_guest` WHERE ( tg_id='' ) LIMIT 1   [ RunTime:0.0008s ]
INFO: Run Behavior\ParseTemplateBehavior [ RunTime:1.080412s ]
INFO: [ view_parse ] --END-- [ RunTime:1.080484s ]
INFO: [ view_filter ] --START--
INFO: Run Behavior\WriteHtmlCacheBehavior [ RunTime:0.001377s ]
INFO: [ view_filter ] --END-- [ RunTime:0.001486s ]
INFO: [ app_end ] --START--
INFO: Run Behavior\ShowPageTraceBehavior [ RunTime:0.001798s ]
INFO: [ app_end ] --END-- [ RunTime:0.001908s ]

[ 2016-03-28T22:13:42+08:00 ] 192.168.31.172 /thinkphp/index.php/Home/Infor/myfri
INFO: [ app_init ] --START--
INFO: Run Behavior\BuildLiteBehavior [ RunTime:0.000033s ]
INFO: [ app_init ] --END-- [ RunTime:0.001482s ]
INFO: [ app_begin ] --START--
INFO: Run Behavior\ReadHtmlCacheBehavior [ RunTime:0.002381s ]
INFO: [ app_begin ] --END-- [ RunTime:0.002554s ]
INFO: [ view_parse ] --START--
INFO: [ template_filter ] --START--
INFO: Run Behavior\ContentReplaceBehavior [ RunTime:0.000090s ]
INFO: [ template_filter ] --END-- [ RunTime:0.000218s ]
SQL: SHOW COLUMNS FROM `tg_guest` [ RunTime:0.0157s ]
SQL: SELECT `tg_id` FROM `tg_guest` WHERE ( tg_username='小兰' ) LIMIT 1   [ RunTime:0.0011s ]
SQL: SHOW COLUMNS FROM `tg_infor` [ RunTime:0.0130s ]
SQL: SELECT `infor_fri` FROM `tg_infor` WHERE ( infor_uid='13' ) LIMIT 1   [ RunTime:0.0010s ]
SQL: SELECT `tg_username` FROM `tg_guest` WHERE ( tg_id='71' ) LIMIT 1   [ RunTime:0.0009s ]
SQL: SELECT `tg_username` FROM `tg_guest` WHERE ( tg_id='70' ) LIMIT 1   [ RunTime:0.0009s ]
SQL: SELECT `tg_username` FROM `tg_guest` WHERE ( tg_id='69' ) LIMIT 1   [ RunTime:0.0008s ]
SQL: SELECT `tg_username` FROM `tg_guest` WHERE ( tg_id='25' ) LIMIT 1   [ RunTime:0.0008s ]
SQL: SELECT `tg_username` FROM `tg_guest` WHERE ( tg_id='' ) LIMIT 1   [ RunTime:0.0008s ]
INFO: Run Behavior\ParseTemplateBehavior [ RunTime:1.087585s ]
INFO: [ view_parse ] --END-- [ RunTime:1.087692s ]
INFO: [ view_filter ] --START--
INFO: Run Behavior\WriteHtmlCacheBehavior [ RunTime:0.001362s ]
INFO: [ view_filter ] --END-- [ RunTime:0.001473s ]
INFO: [ app_end ] --START--
INFO: Run Behavior\ShowPageTraceBehavior [ RunTime:0.001705s ]
INFO: [ app_end ] --END-- [ RunTime:0.001814s ]

[ 2016-03-28T22:14:39+08:00 ] 192.168.31.172 /thinkphp/index.php/Home/Infor/myfri
INFO: [ app_init ] --START--
INFO: Run Behavior\BuildLiteBehavior [ RunTime:0.000011s ]
INFO: [ app_init ] --END-- [ RunTime:0.000530s ]
INFO: [ app_begin ] --START--
INFO: Run Behavior\ReadHtmlCacheBehavior [ RunTime:0.000599s ]
INFO: [ app_begin ] --END-- [ RunTime:0.000638s ]
INFO: [ view_parse ] --START--
INFO: [ template_filter ] --START--
INFO: Run Behavior\ContentReplaceBehavior [ RunTime:0.000029s ]
INFO: [ template_filter ] --END-- [ RunTime:0.000072s ]
SQL: SHOW COLUMNS FROM `tg_guest` [ RunTime:0.0149s ]
SQL: SELECT `tg_id` FROM `tg_guest` WHERE ( tg_username='小兰' ) LIMIT 1   [ RunTime:0.0010s ]
SQL: SHOW COLUMNS FROM `tg_infor` [ RunTime:0.0154s ]
SQL: SELECT `infor_fri` FROM `tg_infor` WHERE ( infor_uid='13' ) LIMIT 1   [ RunTime:0.0010s ]
SQL: SELECT `tg_username` FROM `tg_guest` WHERE ( tg_id='71' ) LIMIT 1   [ RunTime:0.0009s ]
SQL: SELECT `tg_username` FROM `tg_guest` WHERE ( tg_id='70' ) LIMIT 1   [ RunTime:0.0008s ]
SQL: SELECT `tg_username` FROM `tg_guest` WHERE ( tg_id='69' ) LIMIT 1   [ RunTime:0.0008s ]
SQL: SELECT `tg_username` FROM `tg_guest` WHERE ( tg_id='25' ) LIMIT 1   [ RunTime:0.0008s ]
SQL: SELECT `tg_username` FROM `tg_guest` WHERE ( tg_id='' ) LIMIT 1   [ RunTime:0.0007s ]
INFO: Run Behavior\ParseTemplateBehavior [ RunTime:1.087551s ]
INFO: [ view_parse ] --END-- [ RunTime:1.087623s ]
INFO: [ view_filter ] --START--
INFO: Run Behavior\WriteHtmlCacheBehavior [ RunTime:0.001735s ]
INFO: [ view_filter ] --END-- [ RunTime:0.001880s ]
INFO: [ app_end ] --START--
INFO: Run Behavior\ShowPageTraceBehavior [ RunTime:0.001937s ]
INFO: [ app_end ] --END-- [ RunTime:0.002064s ]

[ 2016-03-28T22:15:38+08:00 ] 192.168.31.172 /thinkphp/index.php/Home/Infor/myfri
INFO: [ app_init ] --START--
INFO: Run Behavior\BuildLiteBehavior [ RunTime:0.000013s ]
INFO: [ app_init ] --END-- [ RunTime:0.000576s ]
INFO: [ app_begin ] --START--
INFO: Run Behavior\ReadHtmlCacheBehavior [ RunTime:0.000684s ]
INFO: [ app_begin ] --END-- [ RunTime:0.000732s ]
INFO: [ view_parse ] --START--
INFO: [ template_filter ] --START--
INFO: Run Behavior\ContentReplaceBehavior [ RunTime:0.000034s ]
INFO: [ template_filter ] --END-- [ RunTime:0.000081s ]
SQL: SHOW COLUMNS FROM `tg_guest` [ RunTime:0.0057s ]
SQL: SELECT `tg_id` FROM `tg_guest` WHERE ( tg_username='小兰' ) LIMIT 1   [ RunTime:0.0004s ]
SQL: SHOW COLUMNS FROM `tg_infor` [ RunTime:0.0047s ]
SQL: SELECT `infor_fri` FROM `tg_infor` WHERE ( infor_uid='13' ) LIMIT 1   [ RunTime:0.0003s ]
SQL: SELECT `tg_username` FROM `tg_guest` WHERE ( tg_id='71' ) LIMIT 1   [ RunTime:0.0003s ]
SQL: SELECT `tg_username` FROM `tg_guest` WHERE ( tg_id='70' ) LIMIT 1   [ RunTime:0.0002s ]
SQL: SELECT `tg_username` FROM `tg_guest` WHERE ( tg_id='69' ) LIMIT 1   [ RunTime:0.0002s ]
SQL: SELECT `tg_username` FROM `tg_guest` WHERE ( tg_id='25' ) LIMIT 1   [ RunTime:0.0002s ]
SQL: SELECT `tg_username` FROM `tg_guest` WHERE ( tg_id='' ) LIMIT 1   [ RunTime:0.0002s ]
INFO: Run Behavior\ParseTemplateBehavior [ RunTime:1.032920s ]
INFO: [ view_parse ] --END-- [ RunTime:1.032957s ]
INFO: [ view_filter ] --START--
INFO: Run Behavior\WriteHtmlCacheBehavior [ RunTime:0.000470s ]
INFO: [ view_filter ] --END-- [ RunTime:0.000505s ]
INFO: [ app_end ] --START--
INFO: Run Behavior\ShowPageTraceBehavior [ RunTime:0.000806s ]
INFO: [ app_end ] --END-- [ RunTime:0.000861s ]

[ 2016-03-28T22:18:12+08:00 ] 192.168.31.172 /thinkphp/index.php/Home/Infor/myfri
INFO: [ app_init ] --START--
INFO: Run Behavior\BuildLiteBehavior [ RunTime:0.000011s ]
INFO: [ app_init ] --END-- [ RunTime:0.000600s ]
INFO: [ app_begin ] --START--
INFO: Run Behavior\ReadHtmlCacheBehavior [ RunTime:0.000652s ]
INFO: [ app_begin ] --END-- [ RunTime:0.000698s ]
INFO: [ view_parse ] --START--
INFO: [ template_filter ] --START--
INFO: Run Behavior\ContentReplaceBehavior [ RunTime:0.000033s ]
INFO: [ template_filter ] --END-- [ RunTime:0.000076s ]
SQL: SHOW COLUMNS FROM `tg_guest` [ RunTime:0.0172s ]
SQL: SELECT `tg_id` FROM `tg_guest` WHERE ( tg_username='小兰' ) LIMIT 1   [ RunTime:0.0010s ]
SQL: SHOW COLUMNS FROM `tg_infor` [ RunTime:0.0116s ]
SQL: SELECT `infor_fri` FROM `tg_infor` WHERE ( infor_uid='13' ) LIMIT 1   [ RunTime:0.0007s ]
SQL: SELECT `tg_username` FROM `tg_guest` WHERE ( tg_id='71' ) LIMIT 1   [ RunTime:0.0005s ]
SQL: SELECT `tg_username` FROM `tg_guest` WHERE ( tg_id='70' ) LIMIT 1   [ RunTime:0.0004s ]
SQL: SELECT `tg_username` FROM `tg_guest` WHERE ( tg_id='69' ) LIMIT 1   [ RunTime:0.0003s ]
SQL: SELECT `tg_username` FROM `tg_guest` WHERE ( tg_id='25' ) LIMIT 1   [ RunTime:0.0004s ]
SQL: SELECT `tg_username` FROM `tg_guest` WHERE ( tg_id='' ) LIMIT 1   [ RunTime:0.0003s ]
INFO: Run Behavior\ParseTemplateBehavior [ RunTime:1.087948s ]
INFO: [ view_parse ] --END-- [ RunTime:1.088002s ]
INFO: [ view_filter ] --START--
INFO: Run Behavior\WriteHtmlCacheBehavior [ RunTime:0.000727s ]
INFO: [ view_filter ] --END-- [ RunTime:0.000781s ]
INFO: [ app_end ] --START--
INFO: Run Behavior\ShowPageTraceBehavior [ RunTime:0.000749s ]
INFO: [ app_end ] --END-- [ RunTime:0.000790s ]

[ 2016-03-28T22:19:04+08:00 ] 192.168.31.172 /thinkphp/index.php/Home/Infor/myfri
INFO: [ app_init ] --START--
INFO: Run Behavior\BuildLiteBehavior [ RunTime:0.000041s ]
INFO: [ app_init ] --END-- [ RunTime:0.001540s ]
INFO: [ app_begin ] --START--
INFO: Run Behavior\ReadHtmlCacheBehavior [ RunTime:0.001973s ]
INFO: [ app_begin ] --END-- [ RunTime:0.002111s ]
INFO: [ view_parse ] --START--
INFO: [ template_filter ] --START--
INFO: Run Behavior\ContentReplaceBehavior [ RunTime:0.000551s ]
INFO: [ template_filter ] --END-- [ RunTime:0.000856s ]
SQL: SHOW COLUMNS FROM `tg_guest` [ RunTime:0.0149s ]
SQL: SELECT `tg_id` FROM `tg_guest` WHERE ( tg_username='小兰' ) LIMIT 1   [ RunTime:0.0011s ]
SQL: SHOW COLUMNS FROM `tg_infor` [ RunTime:0.0155s ]
SQL: SELECT `infor_fri` FROM `tg_infor` WHERE ( infor_uid='13' ) LIMIT 1   [ RunTime:0.0009s ]
SQL: SELECT `tg_username` FROM `tg_guest` WHERE ( tg_id='71' ) LIMIT 1   [ RunTime:0.0009s ]
SQL: SELECT `tg_username` FROM `tg_guest` WHERE ( tg_id='70' ) LIMIT 1   [ RunTime:0.0009s ]
SQL: SELECT `tg_username` FROM `tg_guest` WHERE ( tg_id='69' ) LIMIT 1   [ RunTime:0.0008s ]
SQL: SELECT `tg_username` FROM `tg_guest` WHERE ( tg_id='25' ) LIMIT 1   [ RunTime:0.0009s ]
SQL: SELECT `tg_username` FROM `tg_guest` WHERE ( tg_id='' ) LIMIT 1   [ RunTime:0.0008s ]
INFO: Run Behavior\ParseTemplateBehavior [ RunTime:1.111417s ]
INFO: [ view_parse ] --END-- [ RunTime:1.111531s ]
INFO: [ view_filter ] --START--
INFO: Run Behavior\WriteHtmlCacheBehavior [ RunTime:0.001592s ]
INFO: [ view_filter ] --END-- [ RunTime:0.001701s ]
INFO: [ app_end ] --START--
INFO: Run Behavior\ShowPageTraceBehavior [ RunTime:0.002008s ]
INFO: [ app_end ] --END-- [ RunTime:0.002121s ]

[ 2016-03-28T22:19:45+08:00 ] 192.168.31.172 /thinkphp/index.php/Home/Infor/myfri
INFO: [ app_init ] --START--
INFO: Run Behavior\BuildLiteBehavior [ RunTime:0.000011s ]
INFO: [ app_init ] --END-- [ RunTime:0.000535s ]
INFO: [ app_begin ] --START--
INFO: Run Behavior\ReadHtmlCacheBehavior [ RunTime:0.000645s ]
INFO: [ app_begin ] --END-- [ RunTime:0.000699s ]
INFO: [ view_parse ] --START--
INFO: [ template_filter ] --START--
INFO: Run Behavior\ContentReplaceBehavior [ RunTime:0.000029s ]
INFO: [ template_filter ] --END-- [ RunTime:0.000074s ]
SQL: SHOW COLUMNS FROM `tg_guest` [ RunTime:0.0152s ]
SQL: SELECT `tg_id` FROM `tg_guest` WHERE ( tg_username='小兰' ) LIMIT 1   [ RunTime:0.0010s ]
SQL: SHOW COLUMNS FROM `tg_infor` [ RunTime:0.0147s ]
SQL: SELECT `infor_fri` FROM `tg_infor` WHERE ( infor_uid='13' ) LIMIT 1   [ RunTime:0.0009s ]
SQL: SELECT `tg_username` FROM `tg_guest` WHERE ( tg_id='71' ) LIMIT 1   [ RunTime:0.0009s ]
SQL: SELECT `tg_username` FROM `tg_guest` WHERE ( tg_id='70' ) LIMIT 1   [ RunTime:0.0009s ]
SQL: SELECT `tg_username` FROM `tg_guest` WHERE ( tg_id='69' ) LIMIT 1   [ RunTime:0.0007s ]
SQL: SELECT `tg_username` FROM `tg_guest` WHERE ( tg_id='25' ) LIMIT 1   [ RunTime:0.0005s ]
SQL: SELECT `tg_username` FROM `tg_guest` WHERE ( tg_id='' ) LIMIT 1   [ RunTime:0.0005s ]
INFO: Run Behavior\ParseTemplateBehavior [ RunTime:1.084647s ]
INFO: [ view_parse ] --END-- [ RunTime:1.084697s ]
INFO: [ view_filter ] --START--
INFO: Run Behavior\WriteHtmlCacheBehavior [ RunTime:0.000872s ]
INFO: [ view_filter ] --END-- [ RunTime:0.000934s ]
INFO: [ app_end ] --START--
INFO: Run Behavior\ShowPageTraceBehavior [ RunTime:0.001092s ]
INFO: [ app_end ] --END-- [ RunTime:0.001155s ]

[ 2016-03-28T22:20:53+08:00 ] 192.168.31.172 /thinkphp/index.php/Home/Infor/myfri
INFO: [ app_init ] --START--
INFO: Run Behavior\BuildLiteBehavior [ RunTime:0.000028s ]
INFO: [ app_init ] --END-- [ RunTime:0.001261s ]
INFO: [ app_begin ] --START--
INFO: Run Behavior\ReadHtmlCacheBehavior [ RunTime:0.001507s ]
INFO: [ app_begin ] --END-- [ RunTime:0.001628s ]
INFO: [ view_parse ] --START--
INFO: [ template_filter ] --START--
INFO: Run Behavior\ContentReplaceBehavior [ RunTime:0.000093s ]
INFO: [ template_filter ] --END-- [ RunTime:0.000229s ]
SQL: SHOW COLUMNS FROM `tg_guest` [ RunTime:0.0148s ]
SQL: SELECT `tg_id` FROM `tg_guest` WHERE ( tg_username='小兰' ) LIMIT 1   [ RunTime:0.0010s ]
SQL: SHOW COLUMNS FROM `tg_infor` [ RunTime:0.0130s ]
SQL: SELECT `infor_fri` FROM `tg_infor` WHERE ( infor_uid='13' ) LIMIT 1   [ RunTime:0.0009s ]
SQL: SELECT `tg_username` FROM `tg_guest` WHERE ( tg_id='71' ) LIMIT 1   [ RunTime:0.0009s ]
SQL: SELECT `tg_username` FROM `tg_guest` WHERE ( tg_id='70' ) LIMIT 1   [ RunTime:0.0009s ]
SQL: SELECT `tg_username` FROM `tg_guest` WHERE ( tg_id='69' ) LIMIT 1   [ RunTime:0.0009s ]
SQL: SELECT `tg_username` FROM `tg_guest` WHERE ( tg_id='25' ) LIMIT 1   [ RunTime:0.0008s ]
SQL: SELECT `tg_username` FROM `tg_guest` WHERE ( tg_id='' ) LIMIT 1   [ RunTime:0.0008s ]
INFO: Run Behavior\ParseTemplateBehavior [ RunTime:1.081651s ]
INFO: [ view_parse ] --END-- [ RunTime:1.081788s ]
INFO: [ view_filter ] --START--
INFO: Run Behavior\WriteHtmlCacheBehavior [ RunTime:0.001574s ]
INFO: [ view_filter ] --END-- [ RunTime:0.001715s ]
INFO: [ app_end ] --START--
INFO: Run Behavior\ShowPageTraceBehavior [ RunTime:0.001845s ]
INFO: [ app_end ] --END-- [ RunTime:0.002007s ]

[ 2016-03-28T22:21:06+08:00 ] 192.168.31.172 /thinkphp/index.php/Home/Infor/myfri
INFO: [ app_init ] --START--
INFO: Run Behavior\BuildLiteBehavior [ RunTime:0.000191s ]
INFO: [ app_init ] --END-- [ RunTime:0.002579s ]
INFO: [ app_begin ] --START--
INFO: Run Behavior\ReadHtmlCacheBehavior [ RunTime:0.001754s ]
INFO: [ app_begin ] --END-- [ RunTime:0.001897s ]
INFO: [ view_parse ] --START--
INFO: [ template_filter ] --START--
INFO: Run Behavior\ContentReplaceBehavior [ RunTime:0.000083s ]
INFO: [ template_filter ] --END-- [ RunTime:0.000220s ]
SQL: SHOW COLUMNS FROM `tg_guest` [ RunTime:0.0950s ]
SQL: SELECT `tg_id` FROM `tg_guest` WHERE ( tg_username='小兰' ) LIMIT 1   [ RunTime:0.0010s ]
SQL: SHOW COLUMNS FROM `tg_infor` [ RunTime:0.0173s ]
SQL: SELECT `infor_fri` FROM `tg_infor` WHERE ( infor_uid='13' ) LIMIT 1   [ RunTime:0.0005s ]
SQL: SELECT `tg_username` FROM `tg_guest` WHERE ( tg_id='71' ) LIMIT 1   [ RunTime:0.0005s ]
SQL: SELECT `tg_username` FROM `tg_guest` WHERE ( tg_id='70' ) LIMIT 1   [ RunTime:0.0003s ]
SQL: SELECT `tg_username` FROM `tg_guest` WHERE ( tg_id='69' ) LIMIT 1   [ RunTime:0.0003s ]
SQL: SELECT `tg_username` FROM `tg_guest` WHERE ( tg_id='25' ) LIMIT 1   [ RunTime:0.0003s ]
SQL: SELECT `tg_username` FROM `tg_guest` WHERE ( tg_id='' ) LIMIT 1   [ RunTime:0.0002s ]
INFO: Run Behavior\ParseTemplateBehavior [ RunTime:1.189562s ]
INFO: [ view_parse ] --END-- [ RunTime:1.189637s ]
INFO: [ view_filter ] --START--
INFO: Run Behavior\WriteHtmlCacheBehavior [ RunTime:0.000608s ]
INFO: [ view_filter ] --END-- [ RunTime:0.000663s ]
INFO: [ app_end ] --START--
INFO: Run Behavior\ShowPageTraceBehavior [ RunTime:0.000887s ]
INFO: [ app_end ] --END-- [ RunTime:0.000959s ]

[ 2016-03-28T22:22:09+08:00 ] 192.168.31.172 /thinkphp/index.php/Home/Infor/myfri
INFO: [ app_init ] --START--
INFO: Run Behavior\BuildLiteBehavior [ RunTime:0.000013s ]
INFO: [ app_init ] --END-- [ RunTime:0.000468s ]
INFO: [ app_begin ] --START--
INFO: Run Behavior\ReadHtmlCacheBehavior [ RunTime:0.000523s ]
INFO: [ app_begin ] --END-- [ RunTime:0.000563s ]
INFO: [ view_parse ] --START--
INFO: [ template_filter ] --START--
INFO: Run Behavior\ContentReplaceBehavior [ RunTime:0.000031s ]
INFO: [ template_filter ] --END-- [ RunTime:0.000079s ]
SQL: SHOW COLUMNS FROM `tg_guest` [ RunTime:0.0146s ]
SQL: SELECT `tg_id` FROM `tg_guest` WHERE ( tg_username='小兰' ) LIMIT 1   [ RunTime:0.0010s ]
SQL: SHOW COLUMNS FROM `tg_infor` [ RunTime:0.0144s ]
SQL: SELECT `infor_fri` FROM `tg_infor` WHERE ( infor_uid='13' ) LIMIT 1   [ RunTime:0.0010s ]
SQL: SELECT `tg_username` FROM `tg_guest` WHERE ( tg_id='71' ) LIMIT 1   [ RunTime:0.0009s ]
SQL: SELECT `tg_username` FROM `tg_guest` WHERE ( tg_id='70' ) LIMIT 1   [ RunTime:0.0009s ]
SQL: SELECT `tg_username` FROM `tg_guest` WHERE ( tg_id='69' ) LIMIT 1   [ RunTime:0.0008s ]
SQL: SELECT `tg_username` FROM `tg_guest` WHERE ( tg_id='25' ) LIMIT 1   [ RunTime:0.0008s ]
SQL: SELECT `tg_username` FROM `tg_guest` WHERE ( tg_id='' ) LIMIT 1   [ RunTime:0.0008s ]
INFO: Run Behavior\ParseTemplateBehavior [ RunTime:1.080139s ]
INFO: [ view_parse ] --END-- [ RunTime:1.080210s ]
INFO: [ view_filter ] --START--
INFO: Run Behavior\WriteHtmlCacheBehavior [ RunTime:0.001357s ]
INFO: [ view_filter ] --END-- [ RunTime:0.001467s ]
INFO: [ app_end ] --START--
INFO: Run Behavior\ShowPageTraceBehavior [ RunTime:0.001816s ]
INFO: [ app_end ] --END-- [ RunTime:0.001926s ]

[ 2016-03-28T22:23:07+08:00 ] 192.168.31.172 /thinkphp/index.php/Home/Infor/myfri
INFO: [ app_init ] --START--
INFO: Run Behavior\BuildLiteBehavior [ RunTime:0.000011s ]
INFO: [ app_init ] --END-- [ RunTime:0.000583s ]
INFO: [ app_begin ] --START--
INFO: Run Behavior\ReadHtmlCacheBehavior [ RunTime:0.000717s ]
INFO: [ app_begin ] --END-- [ RunTime:0.000762s ]
INFO: [ view_parse ] --START--
INFO: [ template_filter ] --START--
INFO: Run Behavior\ContentReplaceBehavior [ RunTime:0.000031s ]
INFO: [ template_filter ] --END-- [ RunTime:0.000075s ]
SQL: SHOW COLUMNS FROM `tg_guest` [ RunTime:0.0084s ]
SQL: SELECT `tg_id` FROM `tg_guest` WHERE ( tg_username='小兰' ) LIMIT 1   [ RunTime:0.0006s ]
SQL: SHOW COLUMNS FROM `tg_infor` [ RunTime:0.0075s ]
SQL: SELECT `infor_fri` FROM `tg_infor` WHERE ( infor_uid='13' ) LIMIT 1   [ RunTime:0.0005s ]
SQL: SELECT `tg_username` FROM `tg_guest` WHERE ( tg_id='71' ) LIMIT 1   [ RunTime:0.0004s ]
SQL: SELECT `tg_username` FROM `tg_guest` WHERE ( tg_id='70' ) LIMIT 1   [ RunTime:0.0005s ]
SQL: SELECT `tg_username` FROM `tg_guest` WHERE ( tg_id='69' ) LIMIT 1   [ RunTime:0.0006s ]
SQL: SELECT `tg_username` FROM `tg_guest` WHERE ( tg_id='25' ) LIMIT 1   [ RunTime:0.0005s ]
SQL: SELECT `tg_username` FROM `tg_guest` WHERE ( tg_id='' ) LIMIT 1   [ RunTime:0.0005s ]
INFO: Run Behavior\ParseTemplateBehavior [ RunTime:1.040812s ]
INFO: [ view_parse ] --END-- [ RunTime:1.040885s ]
INFO: [ view_filter ] --START--
INFO: Run Behavior\WriteHtmlCacheBehavior [ RunTime:0.001062s ]
INFO: [ view_filter ] --END-- [ RunTime:0.001142s ]
INFO: [ app_end ] --START--
INFO: Run Behavior\ShowPageTraceBehavior [ RunTime:0.001186s ]
INFO: [ app_end ] --END-- [ RunTime:0.001248s ]

[ 2016-03-28T22:25:26+08:00 ] 192.168.31.172 /thinkphp/index.php/Home/Infor/myfri
INFO: [ app_init ] --START--
INFO: Run Behavior\BuildLiteBehavior [ RunTime:0.000013s ]
INFO: [ app_init ] --END-- [ RunTime:0.000734s ]
INFO: [ app_begin ] --START--
INFO: Run Behavior\ReadHtmlCacheBehavior [ RunTime:0.000688s ]
INFO: [ app_begin ] --END-- [ RunTime:0.000738s ]
INFO: [ view_parse ] --START--
INFO: [ template_filter ] --START--
INFO: Run Behavior\ContentReplaceBehavior [ RunTime:0.000035s ]
INFO: [ template_filter ] --END-- [ RunTime:0.000084s ]
SQL: SHOW COLUMNS FROM `tg_guest` [ RunTime:0.0148s ]
SQL: SELECT `tg_id` FROM `tg_guest` WHERE ( tg_username='小兰' ) LIMIT 1   [ RunTime:0.0011s ]
SQL: SHOW COLUMNS FROM `tg_infor` [ RunTime:0.0123s ]
SQL: SELECT `infor_fri` FROM `tg_infor` WHERE ( infor_uid='13' ) LIMIT 1   [ RunTime:0.0006s ]
SQL: SELECT `tg_username` FROM `tg_guest` WHERE ( tg_id='71' ) LIMIT 1   [ RunTime:0.0005s ]
SQL: SELECT `tg_username` FROM `tg_guest` WHERE ( tg_id='70' ) LIMIT 1   [ RunTime:0.0005s ]
SQL: SELECT `tg_username` FROM `tg_guest` WHERE ( tg_id='69' ) LIMIT 1   [ RunTime:0.0005s ]
SQL: SELECT `tg_username` FROM `tg_guest` WHERE ( tg_id='25' ) LIMIT 1   [ RunTime:0.0005s ]
SQL: SELECT `tg_username` FROM `tg_guest` WHERE ( tg_id='' ) LIMIT 1   [ RunTime:0.0005s ]
INFO: Run Behavior\ParseTemplateBehavior [ RunTime:1.081405s ]
INFO: [ view_parse ] --END-- [ RunTime:1.081454s ]
INFO: [ view_filter ] --START--
INFO: Run Behavior\WriteHtmlCacheBehavior [ RunTime:0.000946s ]
INFO: [ view_filter ] --END-- [ RunTime:0.001009s ]
INFO: [ app_end ] --START--
INFO: Run Behavior\ShowPageTraceBehavior [ RunTime:0.001178s ]
INFO: [ app_end ] --END-- [ RunTime:0.001240s ]

[ 2016-03-28T22:25:44+08:00 ] 192.168.31.172 /thinkphp/index.php/Home/Infor/myfri
INFO: [ app_init ] --START--
INFO: Run Behavior\BuildLiteBehavior [ RunTime:0.000011s ]
INFO: [ app_init ] --END-- [ RunTime:0.000499s ]
INFO: [ app_begin ] --START--
INFO: Run Behavior\ReadHtmlCacheBehavior [ RunTime:0.000565s ]
INFO: [ app_begin ] --END-- [ RunTime:0.000602s ]
INFO: [ view_parse ] --START--
INFO: [ template_filter ] --START--
INFO: Run Behavior\ContentReplaceBehavior [ RunTime:0.000031s ]
INFO: [ template_filter ] --END-- [ RunTime:0.000073s ]
SQL: SHOW COLUMNS FROM `tg_guest` [ RunTime:0.0153s ]
SQL: SELECT `tg_id` FROM `tg_guest` WHERE ( tg_username='小兰' ) LIMIT 1   [ RunTime:0.0010s ]
SQL: SHOW COLUMNS FROM `tg_infor` [ RunTime:0.0131s ]
SQL: SELECT `infor_fri` FROM `tg_infor` WHERE ( infor_uid='13' ) LIMIT 1   [ RunTime:0.0010s ]
SQL: SELECT `tg_username` FROM `tg_guest` WHERE ( tg_id='71' ) LIMIT 1   [ RunTime:0.0010s ]
SQL: SELECT `tg_username` FROM `tg_guest` WHERE ( tg_id='70' ) LIMIT 1   [ RunTime:0.0008s ]
SQL: SELECT `tg_username` FROM `tg_guest` WHERE ( tg_id='69' ) LIMIT 1   [ RunTime:0.0009s ]
SQL: SELECT `tg_username` FROM `tg_guest` WHERE ( tg_id='25' ) LIMIT 1   [ RunTime:0.0008s ]
SQL: SELECT `tg_username` FROM `tg_guest` WHERE ( tg_id='' ) LIMIT 1   [ RunTime:0.0008s ]
INFO: Run Behavior\ParseTemplateBehavior [ RunTime:1.063715s ]
INFO: [ view_parse ] --END-- [ RunTime:1.063787s ]
INFO: [ view_filter ] --START--
INFO: Run Behavior\WriteHtmlCacheBehavior [ RunTime:0.001233s ]
INFO: [ view_filter ] --END-- [ RunTime:0.001339s ]
INFO: [ app_end ] --START--
INFO: Run Behavior\ShowPageTraceBehavior [ RunTime:0.001793s ]
INFO: [ app_end ] --END-- [ RunTime:0.001950s ]

[ 2016-03-28T22:25:55+08:00 ] 192.168.31.172 /thinkphp/index.php/Home/Infor/myfri
INFO: [ app_init ] --START--
INFO: Run Behavior\BuildLiteBehavior [ RunTime:0.000010s ]
INFO: [ app_init ] --END-- [ RunTime:0.000528s ]
INFO: [ app_begin ] --START--
INFO: Run Behavior\ReadHtmlCacheBehavior [ RunTime:0.000578s ]
INFO: [ app_begin ] --END-- [ RunTime:0.000619s ]
INFO: [ view_parse ] --START--
INFO: [ template_filter ] --START--
INFO: Run Behavior\ContentReplaceBehavior [ RunTime:0.000032s ]
INFO: [ template_filter ] --END-- [ RunTime:0.000084s ]
SQL: SHOW COLUMNS FROM `tg_guest` [ RunTime:0.0166s ]
SQL: SELECT `tg_id` FROM `tg_guest` WHERE ( tg_username='小兰' ) LIMIT 1   [ RunTime:0.0011s ]
SQL: SHOW COLUMNS FROM `tg_infor` [ RunTime:0.0112s ]
SQL: SELECT `infor_fri` FROM `tg_infor` WHERE ( infor_uid='13' ) LIMIT 1   [ RunTime:0.0005s ]
SQL: SELECT `tg_username` FROM `tg_guest` WHERE ( tg_id='71' ) LIMIT 1   [ RunTime:0.0004s ]
SQL: SELECT `tg_username` FROM `tg_guest` WHERE ( tg_id='70' ) LIMIT 1   [ RunTime:0.0004s ]
SQL: SELECT `tg_username` FROM `tg_guest` WHERE ( tg_id='69' ) LIMIT 1   [ RunTime:0.0004s ]
SQL: SELECT `tg_username` FROM `tg_guest` WHERE ( tg_id='25' ) LIMIT 1   [ RunTime:0.0004s ]
SQL: SELECT `tg_username` FROM `tg_guest` WHERE ( tg_id='' ) LIMIT 1   [ RunTime:0.0004s ]
INFO: Run Behavior\ParseTemplateBehavior [ RunTime:1.076259s ]
INFO: [ view_parse ] --END-- [ RunTime:1.076301s ]
INFO: [ view_filter ] --START--
INFO: Run Behavior\WriteHtmlCacheBehavior [ RunTime:0.000659s ]
INFO: [ view_filter ] --END-- [ RunTime:0.000712s ]
INFO: [ app_end ] --START--
INFO: Run Behavior\ShowPageTraceBehavior [ RunTime:0.000778s ]
INFO: [ app_end ] --END-- [ RunTime:0.000826s ]

[ 2016-03-28T22:26:15+08:00 ] 192.168.31.172 /thinkphp/index.php/Home/Infor/myfri
INFO: [ app_init ] --START--
INFO: Run Behavior\BuildLiteBehavior [ RunTime:0.000039s ]
INFO: [ app_init ] --END-- [ RunTime:0.002081s ]
INFO: [ app_begin ] --START--
INFO: Run Behavior\ReadHtmlCacheBehavior [ RunTime:0.001734s ]
INFO: [ app_begin ] --END-- [ RunTime:0.001869s ]
INFO: [ view_parse ] --START--
INFO: [ template_filter ] --START--
INFO: Run Behavior\ContentReplaceBehavior [ RunTime:0.000081s ]
INFO: [ template_filter ] --END-- [ RunTime:0.000215s ]
SQL: SHOW COLUMNS FROM `tg_guest` [ RunTime:0.0158s ]
SQL: SELECT `tg_id` FROM `tg_guest` WHERE ( tg_username='小兰' ) LIMIT 1   [ RunTime:0.0011s ]
SQL: SHOW COLUMNS FROM `tg_infor` [ RunTime:0.0134s ]
SQL: SELECT `infor_fri` FROM `tg_infor` WHERE ( infor_uid='13' ) LIMIT 1   [ RunTime:0.0009s ]
SQL: SELECT `tg_username` FROM `tg_guest` WHERE ( tg_id='71' ) LIMIT 1   [ RunTime:0.0009s ]
SQL: SELECT `tg_username` FROM `tg_guest` WHERE ( tg_id='70' ) LIMIT 1   [ RunTime:0.0008s ]
SQL: SELECT `tg_username` FROM `tg_guest` WHERE ( tg_id='69' ) LIMIT 1   [ RunTime:0.0009s ]
SQL: SELECT `tg_username` FROM `tg_guest` WHERE ( tg_id='25' ) LIMIT 1   [ RunTime:0.0008s ]
SQL: SELECT `tg_username` FROM `tg_guest` WHERE ( tg_id='' ) LIMIT 1   [ RunTime:0.0006s ]
INFO: Run Behavior\ParseTemplateBehavior [ RunTime:1.105323s ]
INFO: [ view_parse ] --END-- [ RunTime:1.105423s ]
INFO: [ view_filter ] --START--
INFO: Run Behavior\WriteHtmlCacheBehavior [ RunTime:0.001376s ]
INFO: [ view_filter ] --END-- [ RunTime:0.001484s ]
INFO: [ app_end ] --START--
INFO: Run Behavior\ShowPageTraceBehavior [ RunTime:0.001922s ]
INFO: [ app_end ] --END-- [ RunTime:0.002032s ]

[ 2016-03-28T22:29:37+08:00 ] 192.168.31.172 /thinkphp/index.php/Home/Infor/myfri
INFO: [ app_init ] --START--
INFO: Run Behavior\BuildLiteBehavior [ RunTime:0.000015s ]
INFO: [ app_init ] --END-- [ RunTime:0.000558s ]
INFO: [ app_begin ] --START--
INFO: Run Behavior\ReadHtmlCacheBehavior [ RunTime:0.000611s ]
INFO: [ app_begin ] --END-- [ RunTime:0.000651s ]
INFO: [ view_parse ] --START--
INFO: [ template_filter ] --START--
INFO: Run Behavior\ContentReplaceBehavior [ RunTime:0.000100s ]
INFO: [ template_filter ] --END-- [ RunTime:0.000175s ]
SQL: SHOW COLUMNS FROM `tg_guest` [ RunTime:0.0067s ]
SQL: SELECT `tg_id` FROM `tg_guest` WHERE ( tg_username='小兰' ) LIMIT 1   [ RunTime:0.0005s ]
SQL: SHOW COLUMNS FROM `tg_infor` [ RunTime:0.0051s ]
SQL: SELECT `infor_fri` FROM `tg_infor` WHERE ( infor_uid='13' ) LIMIT 1   [ RunTime:0.0004s ]
SQL: SELECT `tg_username` FROM `tg_guest` WHERE ( tg_id='71' ) LIMIT 1   [ RunTime:0.0004s ]
SQL: SELECT `tg_username` FROM `tg_guest` WHERE ( tg_id='70' ) LIMIT 1   [ RunTime:0.0003s ]
SQL: SELECT `tg_username` FROM `tg_guest` WHERE ( tg_id='69' ) LIMIT 1   [ RunTime:0.0003s ]
SQL: SELECT `tg_username` FROM `tg_guest` WHERE ( tg_id='25' ) LIMIT 1   [ RunTime:0.0003s ]
SQL: SELECT `tg_username` FROM `tg_guest` WHERE ( tg_id='' ) LIMIT 1   [ RunTime:0.0003s ]
INFO: Run Behavior\ParseTemplateBehavior [ RunTime:1.041548s ]
INFO: [ view_parse ] --END-- [ RunTime:1.041587s ]
INFO: [ view_filter ] --START--
INFO: Run Behavior\WriteHtmlCacheBehavior [ RunTime:0.000584s ]
INFO: [ view_filter ] --END-- [ RunTime:0.000619s ]
INFO: [ app_end ] --START--
INFO: Run Behavior\ShowPageTraceBehavior [ RunTime:0.000659s ]
INFO: [ app_end ] --END-- [ RunTime:0.000692s ]

[ 2016-03-28T22:30:36+08:00 ] 192.168.31.172 /thinkphp/index.php/Home/Infor/myfri
INFO: [ app_init ] --START--
INFO: Run Behavior\BuildLiteBehavior [ RunTime:0.000010s ]
INFO: [ app_init ] --END-- [ RunTime:0.000505s ]
INFO: [ app_begin ] --START--
INFO: Run Behavior\ReadHtmlCacheBehavior [ RunTime:0.000567s ]
INFO: [ app_begin ] --END-- [ RunTime:0.000604s ]
INFO: [ view_parse ] --START--
INFO: [ template_filter ] --START--
INFO: Run Behavior\ContentReplaceBehavior [ RunTime:0.000050s ]
INFO: [ template_filter ] --END-- [ RunTime:0.000133s ]
SQL: SHOW COLUMNS FROM `tg_guest` [ RunTime:0.0144s ]
SQL: SELECT `tg_id` FROM `tg_guest` WHERE ( tg_username='小兰' ) LIMIT 1   [ RunTime:0.0011s ]
SQL: SHOW COLUMNS FROM `tg_infor` [ RunTime:0.0138s ]
SQL: SELECT `infor_fri` FROM `tg_infor` WHERE ( infor_uid='13' ) LIMIT 1   [ RunTime:0.0009s ]
SQL: SELECT `tg_username` FROM `tg_guest` WHERE ( tg_id='71' ) LIMIT 1   [ RunTime:0.0009s ]
SQL: SELECT `tg_username` FROM `tg_guest` WHERE ( tg_id='70' ) LIMIT 1   [ RunTime:0.0009s ]
SQL: SELECT `tg_username` FROM `tg_guest` WHERE ( tg_id='69' ) LIMIT 1   [ RunTime:0.0008s ]
SQL: SELECT `tg_username` FROM `tg_guest` WHERE ( tg_id='25' ) LIMIT 1   [ RunTime:0.0008s ]
SQL: SELECT `tg_username` FROM `tg_guest` WHERE ( tg_id='' ) LIMIT 1   [ RunTime:0.0008s ]
INFO: Run Behavior\ParseTemplateBehavior [ RunTime:1.077024s ]
INFO: [ view_parse ] --END-- [ RunTime:1.077096s ]
INFO: [ view_filter ] --START--
INFO: Run Behavior\WriteHtmlCacheBehavior [ RunTime:0.001378s ]
INFO: [ view_filter ] --END-- [ RunTime:0.001487s ]
INFO: [ app_end ] --START--
INFO: Run Behavior\ShowPageTraceBehavior [ RunTime:0.002107s ]
INFO: [ app_end ] --END-- [ RunTime:0.002259s ]

