[ 2016-03-12T21:03:02+08:00 ] ::1 /thinkphp/
INFO: [ app_init ] --START--
INFO: Run Behavior\BuildLiteBehavior [ RunTime:0.000016s ]
INFO: [ app_init ] --END-- [ RunTime:0.000621s ]
INFO: [ app_begin ] --START--
INFO: Run Behavior\ReadHtmlCacheBehavior [ RunTime:0.006747s ]
INFO: [ app_begin ] --END-- [ RunTime:0.006849s ]
INFO: [ view_parse ] --START--
INFO: [ template_filter ] --START--
INFO: Run Behavior\ContentReplaceBehavior [ RunTime:0.000068s ]
INFO: [ template_filter ] --END-- [ RunTime:0.000130s ]
INFO: Run Behavior\ParseTemplateBehavior [ RunTime:0.036289s ]
INFO: [ view_parse ] --END-- [ RunTime:0.036346s ]
INFO: [ view_filter ] --START--
INFO: Run Behavior\WriteHtmlCacheBehavior [ RunTime:0.012628s ]
INFO: [ view_filter ] --END-- [ RunTime:0.012749s ]
INFO: [ app_end ] --START--
INFO: Run Behavior\ShowPageTraceBehavior [ RunTime:0.006974s ]
INFO: [ app_end ] --END-- [ RunTime:0.007138s ]

[ 2016-03-12T21:03:06+08:00 ] ::1 /thinkphp/index.php/Home/Register/register
INFO: [ app_init ] --START--
INFO: Run Behavior\BuildLiteBehavior [ RunTime:0.000015s ]
INFO: [ app_init ] --END-- [ RunTime:0.000506s ]
INFO: [ app_begin ] --START--
INFO: Run Behavior\ReadHtmlCacheBehavior [ RunTime:0.000632s ]
INFO: [ app_begin ] --END-- [ RunTime:0.000694s ]
NOTIC: [8] A session had already been started - ignoring session_start() F:\php\WWW\thinkphp\bbs\Home\Controller\RegisterController.class.php 第 9 行.
INFO: [ view_parse ] --START--
INFO: [ template_filter ] --START--
INFO: Run Behavior\ContentReplaceBehavior [ RunTime:0.000052s ]
INFO: [ template_filter ] --END-- [ RunTime:0.000104s ]
SQL: SHOW COLUMNS FROM `tg_public` [ RunTime:0.0573s ]
SQL: SELECT COUNT(*) AS tp_count FROM `tg_public` WHERE ( tg_id ) LIMIT 1   [ RunTime:0.0005s ]
SQL: SELECT `tg_id`,`tg_picture` FROM `tg_public` ORDER BY tg_id LIMIT 0,12   [ RunTime:0.0005s ]
INFO: Run Behavior\ParseTemplateBehavior [ RunTime:1.117213s ]
INFO: [ view_parse ] --END-- [ RunTime:1.117266s ]
INFO: [ view_filter ] --START--
INFO: Run Behavior\WriteHtmlCacheBehavior [ RunTime:0.000592s ]
INFO: [ view_filter ] --END-- [ RunTime:0.000649s ]
INFO: [ app_end ] --START--
INFO: Run Behavior\ShowPageTraceBehavior [ RunTime:0.000759s ]
INFO: [ app_end ] --END-- [ RunTime:0.000819s ]

[ 2016-03-12T21:03:06+08:00 ] ::1 /thinkphp/index.php/Home/Register/code
INFO: [ app_init ] --START--
INFO: Run Behavior\BuildLiteBehavior [ RunTime:0.000021s ]
INFO: [ app_init ] --END-- [ RunTime:0.000665s ]
INFO: [ app_begin ] --START--
INFO: Run Behavior\ReadHtmlCacheBehavior [ RunTime:0.000782s ]
INFO: [ app_begin ] --END-- [ RunTime:0.000865s ]
NOTIC: [8] A session had already been started - ignoring session_start() F:\php\WWW\thinkphp\bbs\Common\Common\function.php 第 22 行.
NOTIC: [8] Undefined variable: _num F:\php\WWW\thinkphp\bbs\Common\Common\function.php 第 25 行.
INFO: [ app_end ] --START--
INFO: Run Behavior\ShowPageTraceBehavior [ RunTime:0.001251s ]
INFO: [ app_end ] --END-- [ RunTime:0.001377s ]

[ 2016-03-12T21:03:07+08:00 ] ::1 /thinkphp/index.php/Home/Register/checkse
INFO: [ app_init ] --START--
INFO: Run Behavior\BuildLiteBehavior [ RunTime:0.000022s ]
INFO: [ app_init ] --END-- [ RunTime:0.000799s ]
INFO: [ app_begin ] --START--
INFO: Run Behavior\ReadHtmlCacheBehavior [ RunTime:0.000883s ]
INFO: [ app_begin ] --END-- [ RunTime:0.000964s ]
INFO: [ app_end ] --START--
INFO: Run Behavior\ShowPageTraceBehavior [ RunTime:0.000915s ]
INFO: [ app_end ] --END-- [ RunTime:0.001000s ]

[ 2016-03-12T21:03:14+08:00 ] ::1 /thinkphp/index.php/Home/Register/register?page=2
INFO: [ app_init ] --START--
INFO: Run Behavior\BuildLiteBehavior [ RunTime:0.000020s ]
INFO: [ app_init ] --END-- [ RunTime:0.000681s ]
INFO: [ app_begin ] --START--
INFO: Run Behavior\ReadHtmlCacheBehavior [ RunTime:0.000557s ]
INFO: [ app_begin ] --END-- [ RunTime:0.000614s ]
NOTIC: [8] A session had already been started - ignoring session_start() F:\php\WWW\thinkphp\bbs\Home\Controller\RegisterController.class.php 第 9 行.
INFO: [ view_parse ] --START--
INFO: [ template_filter ] --START--
INFO: Run Behavior\ContentReplaceBehavior [ RunTime:0.000052s ]
INFO: [ template_filter ] --END-- [ RunTime:0.000104s ]
SQL: SHOW COLUMNS FROM `tg_public` [ RunTime:0.0105s ]
SQL: SELECT COUNT(*) AS tp_count FROM `tg_public` WHERE ( tg_id ) LIMIT 1   [ RunTime:0.0011s ]
SQL: SELECT `tg_id`,`tg_picture` FROM `tg_public` ORDER BY tg_id LIMIT 12,12   [ RunTime:0.0015s ]
INFO: Run Behavior\ParseTemplateBehavior [ RunTime:1.051295s ]
INFO: [ view_parse ] --END-- [ RunTime:1.051425s ]
INFO: [ view_filter ] --START--
INFO: Run Behavior\WriteHtmlCacheBehavior [ RunTime:0.001526s ]
INFO: [ view_filter ] --END-- [ RunTime:0.001703s ]
INFO: [ app_end ] --START--
INFO: Run Behavior\ShowPageTraceBehavior [ RunTime:0.001634s ]
INFO: [ app_end ] --END-- [ RunTime:0.001768s ]

[ 2016-03-12T21:03:14+08:00 ] ::1 /thinkphp/index.php/Home/Register/code
INFO: [ app_init ] --START--
INFO: Run Behavior\BuildLiteBehavior [ RunTime:0.000016s ]
INFO: [ app_init ] --END-- [ RunTime:0.000457s ]
INFO: [ app_begin ] --START--
INFO: Run Behavior\ReadHtmlCacheBehavior [ RunTime:0.000685s ]
INFO: [ app_begin ] --END-- [ RunTime:0.000744s ]
NOTIC: [8] A session had already been started - ignoring session_start() F:\php\WWW\thinkphp\bbs\Common\Common\function.php 第 22 行.
NOTIC: [8] Undefined variable: _num F:\php\WWW\thinkphp\bbs\Common\Common\function.php 第 25 行.
INFO: [ app_end ] --START--
INFO: Run Behavior\ShowPageTraceBehavior [ RunTime:0.000674s ]
INFO: [ app_end ] --END-- [ RunTime:0.000743s ]

[ 2016-03-12T21:03:14+08:00 ] ::1 /thinkphp/index.php/Home/Register/checkse
INFO: [ app_init ] --START--
INFO: Run Behavior\BuildLiteBehavior [ RunTime:0.000015s ]
INFO: [ app_init ] --END-- [ RunTime:0.000450s ]
INFO: [ app_begin ] --START--
INFO: Run Behavior\ReadHtmlCacheBehavior [ RunTime:0.000553s ]
INFO: [ app_begin ] --END-- [ RunTime:0.000611s ]
INFO: [ app_end ] --START--
INFO: Run Behavior\ShowPageTraceBehavior [ RunTime:0.000538s ]
INFO: [ app_end ] --END-- [ RunTime:0.000592s ]

[ 2016-03-12T21:03:20+08:00 ] ::1 /thinkphp/index.php/Home/Register/register?page=1
INFO: [ app_init ] --START--
INFO: Run Behavior\BuildLiteBehavior [ RunTime:0.000026s ]
INFO: [ app_init ] --END-- [ RunTime:0.000762s ]
INFO: [ app_begin ] --START--
INFO: Run Behavior\ReadHtmlCacheBehavior [ RunTime:0.000886s ]
INFO: [ app_begin ] --END-- [ RunTime:0.000982s ]
NOTIC: [8] A session had already been started - ignoring session_start() F:\php\WWW\thinkphp\bbs\Home\Controller\RegisterController.class.php 第 9 行.
INFO: [ view_parse ] --START--
INFO: [ template_filter ] --START--
INFO: Run Behavior\ContentReplaceBehavior [ RunTime:0.000056s ]
INFO: [ template_filter ] --END-- [ RunTime:0.000117s ]
SQL: SHOW COLUMNS FROM `tg_public` [ RunTime:0.0128s ]
SQL: SELECT COUNT(*) AS tp_count FROM `tg_public` WHERE ( tg_id ) LIMIT 1   [ RunTime:0.0010s ]
SQL: SELECT `tg_id`,`tg_picture` FROM `tg_public` ORDER BY tg_id LIMIT 0,12   [ RunTime:0.0011s ]
INFO: Run Behavior\ParseTemplateBehavior [ RunTime:1.075651s ]
INFO: [ view_parse ] --END-- [ RunTime:1.075761s ]
INFO: [ view_filter ] --START--
INFO: Run Behavior\WriteHtmlCacheBehavior [ RunTime:0.001444s ]
INFO: [ view_filter ] --END-- [ RunTime:0.001595s ]
INFO: [ app_end ] --START--
INFO: Run Behavior\ShowPageTraceBehavior [ RunTime:0.001660s ]
INFO: [ app_end ] --END-- [ RunTime:0.001799s ]

[ 2016-03-12T21:03:20+08:00 ] ::1 /thinkphp/index.php/Home/Register/code
INFO: [ app_init ] --START--
INFO: Run Behavior\BuildLiteBehavior [ RunTime:0.000023s ]
INFO: [ app_init ] --END-- [ RunTime:0.000766s ]
INFO: [ app_begin ] --START--
INFO: Run Behavior\ReadHtmlCacheBehavior [ RunTime:0.000860s ]
INFO: [ app_begin ] --END-- [ RunTime:0.000966s ]
NOTIC: [8] A session had already been started - ignoring session_start() F:\php\WWW\thinkphp\bbs\Common\Common\function.php 第 22 行.
NOTIC: [8] Undefined variable: _num F:\php\WWW\thinkphp\bbs\Common\Common\function.php 第 25 行.
INFO: [ app_end ] --START--
INFO: Run Behavior\ShowPageTraceBehavior [ RunTime:0.000904s ]
INFO: [ app_end ] --END-- [ RunTime:0.001002s ]

[ 2016-03-12T21:03:20+08:00 ] ::1 /thinkphp/index.php/Home/Register/checkse
INFO: [ app_init ] --START--
INFO: Run Behavior\BuildLiteBehavior [ RunTime:0.000015s ]
INFO: [ app_init ] --END-- [ RunTime:0.000472s ]
INFO: [ app_begin ] --START--
INFO: Run Behavior\ReadHtmlCacheBehavior [ RunTime:0.000524s ]
INFO: [ app_begin ] --END-- [ RunTime:0.000577s ]
INFO: [ app_end ] --START--
INFO: Run Behavior\ShowPageTraceBehavior [ RunTime:0.000553s ]
INFO: [ app_end ] --END-- [ RunTime:0.000617s ]

[ 2016-03-12T21:48:39+08:00 ] ::1 /thinkphp/index.php/Home/Register/code?tm=0.5240898963602807
INFO: [ app_init ] --START--
INFO: Run Behavior\BuildLiteBehavior [ RunTime:0.000014s ]
INFO: [ app_init ] --END-- [ RunTime:0.000549s ]
INFO: [ app_begin ] --START--
INFO: Run Behavior\ReadHtmlCacheBehavior [ RunTime:0.000590s ]
INFO: [ app_begin ] --END-- [ RunTime:0.000642s ]

[ 2016-03-12T21:48:41+08:00 ] ::1 /thinkphp/index.php/Home/Register/code?tm=0.6247461854857587
INFO: [ app_init ] --START--
INFO: Run Behavior\BuildLiteBehavior [ RunTime:0.000013s ]
INFO: [ app_init ] --END-- [ RunTime:0.000479s ]
INFO: [ app_begin ] --START--
INFO: Run Behavior\ReadHtmlCacheBehavior [ RunTime:0.000552s ]
INFO: [ app_begin ] --END-- [ RunTime:0.000601s ]

[ 2016-03-12T21:48:44+08:00 ] ::1 /thinkphp/index.php/Home/Register/register?page=1
INFO: [ app_init ] --START--
INFO: Run Behavior\BuildLiteBehavior [ RunTime:0.000015s ]
INFO: [ app_init ] --END-- [ RunTime:0.000491s ]
INFO: [ app_begin ] --START--
INFO: Run Behavior\ReadHtmlCacheBehavior [ RunTime:0.000602s ]
INFO: [ app_begin ] --END-- [ RunTime:0.000656s ]

[ 2016-03-12T21:48:58+08:00 ] ::1 /thinkphp/index.php/Home/Register/register?page=1
INFO: [ app_init ] --START--
INFO: Run Behavior\BuildLiteBehavior [ RunTime:0.000015s ]
INFO: [ app_init ] --END-- [ RunTime:0.000498s ]
INFO: [ app_begin ] --START--
INFO: Run Behavior\ReadHtmlCacheBehavior [ RunTime:0.000581s ]
INFO: [ app_begin ] --END-- [ RunTime:0.000632s ]

[ 2016-03-12T21:50:03+08:00 ] ::1 /thinkphp/index.php/Home/Register/register?page=1
INFO: [ app_init ] --START--
INFO: Run Behavior\BuildLiteBehavior [ RunTime:0.000017s ]
INFO: [ app_init ] --END-- [ RunTime:0.000693s ]
INFO: [ app_begin ] --START--
INFO: Run Behavior\ReadHtmlCacheBehavior [ RunTime:0.000606s ]
INFO: [ app_begin ] --END-- [ RunTime:0.000690s ]
NOTIC: [8] A session had already been started - ignoring session_start() F:\php\WWW\thinkphp\bbs\Home\Controller\RegisterController.class.php 第 9 行.
INFO: [ view_parse ] --START--
INFO: [ template_filter ] --START--
INFO: Run Behavior\ContentReplaceBehavior [ RunTime:0.000068s ]
INFO: [ template_filter ] --END-- [ RunTime:0.000131s ]
SQL: SHOW COLUMNS FROM `tg_public` [ RunTime:0.0149s ]
SQL: SELECT COUNT(*) AS tp_count FROM `tg_public` WHERE ( tg_id ) LIMIT 1   [ RunTime:0.0009s ]
SQL: SELECT `tg_id`,`tg_picture` FROM `tg_public` ORDER BY tg_id LIMIT 0,12   [ RunTime:0.0012s ]
INFO: Run Behavior\ParseTemplateBehavior [ RunTime:1.061942s ]
INFO: [ view_parse ] --END-- [ RunTime:1.062046s ]
INFO: [ view_filter ] --START--
INFO: Run Behavior\WriteHtmlCacheBehavior [ RunTime:0.001478s ]
INFO: [ view_filter ] --END-- [ RunTime:0.001625s ]
INFO: [ app_end ] --START--
INFO: Run Behavior\ShowPageTraceBehavior [ RunTime:0.001942s ]
INFO: [ app_end ] --END-- [ RunTime:0.002089s ]

[ 2016-03-12T21:50:03+08:00 ] ::1 /thinkphp/index.php/Home/Register/code
INFO: [ app_init ] --START--
INFO: Run Behavior\BuildLiteBehavior [ RunTime:0.000025s ]
INFO: [ app_init ] --END-- [ RunTime:0.000828s ]
INFO: [ app_begin ] --START--
INFO: Run Behavior\ReadHtmlCacheBehavior [ RunTime:0.000795s ]
INFO: [ app_begin ] --END-- [ RunTime:0.000883s ]
NOTIC: [8] A session had already been started - ignoring session_start() F:\php\WWW\thinkphp\bbs\Common\Common\function.php 第 22 行.
NOTIC: [8] Undefined variable: _num F:\php\WWW\thinkphp\bbs\Common\Common\function.php 第 25 行.
INFO: [ app_end ] --START--
INFO: Run Behavior\ShowPageTraceBehavior [ RunTime:0.000947s ]
INFO: [ app_end ] --END-- [ RunTime:0.001107s ]

[ 2016-03-12T21:50:03+08:00 ] ::1 /thinkphp/index.php/Home/Register/checkse
INFO: [ app_init ] --START--
INFO: Run Behavior\BuildLiteBehavior [ RunTime:0.000014s ]
INFO: [ app_init ] --END-- [ RunTime:0.000432s ]
INFO: [ app_begin ] --START--
INFO: Run Behavior\ReadHtmlCacheBehavior [ RunTime:0.000512s ]
INFO: [ app_begin ] --END-- [ RunTime:0.000561s ]
INFO: [ app_end ] --START--
INFO: Run Behavior\ShowPageTraceBehavior [ RunTime:0.000510s ]
INFO: [ app_end ] --END-- [ RunTime:0.000557s ]

[ 2016-03-12T21:50:10+08:00 ] ::1 /thinkphp/index.php/Home/Register/sql
INFO: [ app_init ] --START--
INFO: Run Behavior\BuildLiteBehavior [ RunTime:0.000018s ]
INFO: [ app_init ] --END-- [ RunTime:0.000566s ]
INFO: [ app_begin ] --START--
INFO: Run Behavior\ReadHtmlCacheBehavior [ RunTime:0.000570s ]
INFO: [ app_begin ] --END-- [ RunTime:0.000626s ]
SQL: SHOW COLUMNS FROM `tg_guest` [ RunTime:0.0099s ]
NOTIC: [8] Undefined index: uniqid F:\php\WWW\thinkphp\bbs\Home\Controller\RegisterController.class.php 第 55 行.
NOTIC: [8] Undefined index: username F:\php\WWW\thinkphp\bbs\Home\Controller\RegisterController.class.php 第 57 行.
NOTIC: [8] Undefined index: pass F:\php\WWW\thinkphp\bbs\Home\Controller\RegisterController.class.php 第 58 行.
NOTIC: [8] Undefined index: sex F:\php\WWW\thinkphp\bbs\Home\Controller\RegisterController.class.php 第 59 行.
NOTIC: [8] Undefined index: face F:\php\WWW\thinkphp\bbs\Home\Controller\RegisterController.class.php 第 60 行.
NOTIC: [8] Undefined index: email F:\php\WWW\thinkphp\bbs\Home\Controller\RegisterController.class.php 第 61 行.
NOTIC: [8] A non well formed numeric value encountered F:\php\WWW\thinkphp\bbs\Home\Controller\RegisterController.class.php 第 62 行.
INFO: [ app_end ] --START--
INFO: Run Behavior\ShowPageTraceBehavior [ RunTime:0.001028s ]
INFO: [ app_end ] --END-- [ RunTime:0.001111s ]

[ 2016-03-12T21:50:35+08:00 ] ::1 /thinkphp/index.php/Home/Register/sql
INFO: [ app_init ] --START--
INFO: Run Behavior\BuildLiteBehavior [ RunTime:0.000015s ]
INFO: [ app_init ] --END-- [ RunTime:0.000553s ]
INFO: [ app_begin ] --START--
INFO: Run Behavior\ReadHtmlCacheBehavior [ RunTime:0.000561s ]
INFO: [ app_begin ] --END-- [ RunTime:0.000611s ]
SQL: SHOW COLUMNS FROM `tg_guest` [ RunTime:0.0131s ]
NOTIC: [8] Undefined index: uniqid F:\php\WWW\thinkphp\bbs\Home\Controller\RegisterController.class.php 第 55 行.
NOTIC: [8] Undefined index: username F:\php\WWW\thinkphp\bbs\Home\Controller\RegisterController.class.php 第 57 行.
NOTIC: [8] Undefined index: pass F:\php\WWW\thinkphp\bbs\Home\Controller\RegisterController.class.php 第 58 行.
NOTIC: [8] Undefined index: sex F:\php\WWW\thinkphp\bbs\Home\Controller\RegisterController.class.php 第 59 行.
NOTIC: [8] Undefined index: face F:\php\WWW\thinkphp\bbs\Home\Controller\RegisterController.class.php 第 60 行.
NOTIC: [8] Undefined index: email F:\php\WWW\thinkphp\bbs\Home\Controller\RegisterController.class.php 第 61 行.
INFO: [ app_end ] --START--
INFO: Run Behavior\ShowPageTraceBehavior [ RunTime:0.002036s ]
INFO: [ app_end ] --END-- [ RunTime:0.002178s ]

[ 2016-03-12T21:52:38+08:00 ] ::1 /thinkphp/index.php/Home/Register/sql
INFO: [ app_init ] --START--
INFO: Run Behavior\BuildLiteBehavior [ RunTime:0.000016s ]
INFO: [ app_init ] --END-- [ RunTime:0.000540s ]
INFO: [ app_begin ] --START--
INFO: Run Behavior\ReadHtmlCacheBehavior [ RunTime:0.000683s ]
INFO: [ app_begin ] --END-- [ RunTime:0.000747s ]
SQL: SHOW COLUMNS FROM `tg_guest` [ RunTime:0.0130s ]
NOTIC: [8] Undefined index: uniqid F:\php\WWW\thinkphp\bbs\Home\Controller\RegisterController.class.php 第 55 行.
NOTIC: [8] Undefined index: username F:\php\WWW\thinkphp\bbs\Home\Controller\RegisterController.class.php 第 57 行.
NOTIC: [8] Undefined index: pass F:\php\WWW\thinkphp\bbs\Home\Controller\RegisterController.class.php 第 58 行.
NOTIC: [8] Undefined index: sex F:\php\WWW\thinkphp\bbs\Home\Controller\RegisterController.class.php 第 59 行.
NOTIC: [8] Undefined index: face F:\php\WWW\thinkphp\bbs\Home\Controller\RegisterController.class.php 第 60 行.
NOTIC: [8] Undefined index: email F:\php\WWW\thinkphp\bbs\Home\Controller\RegisterController.class.php 第 61 行.
NOTIC: [8] Undefined variable: SERVER F:\php\WWW\thinkphp\bbs\Home\Controller\RegisterController.class.php 第 64 行.
INFO: [ app_end ] --START--
INFO: Run Behavior\ShowPageTraceBehavior [ RunTime:0.002149s ]
INFO: [ app_end ] --END-- [ RunTime:0.002386s ]

[ 2016-03-12T21:57:10+08:00 ] ::1 /thinkphp/index.php/Home/Register/
INFO: [ app_init ] --START--
INFO: Run Behavior\BuildLiteBehavior [ RunTime:0.000016s ]
INFO: [ app_init ] --END-- [ RunTime:0.000576s ]
INFO: [ app_begin ] --START--
INFO: Run Behavior\ReadHtmlCacheBehavior [ RunTime:0.000748s ]
INFO: [ app_begin ] --END-- [ RunTime:0.000824s ]
ERR: 非法操作:index

[ 2016-03-12T21:57:16+08:00 ] ::1 /thinkphp/index.php/
INFO: [ app_init ] --START--
INFO: Run Behavior\BuildLiteBehavior [ RunTime:0.000014s ]
INFO: [ app_init ] --END-- [ RunTime:0.000487s ]
INFO: [ app_begin ] --START--
INFO: Run Behavior\ReadHtmlCacheBehavior [ RunTime:0.000537s ]
INFO: [ app_begin ] --END-- [ RunTime:0.000587s ]
INFO: [ view_parse ] --START--
INFO: [ template_filter ] --START--
INFO: Run Behavior\ContentReplaceBehavior [ RunTime:0.000091s ]
INFO: [ template_filter ] --END-- [ RunTime:0.000184s ]
INFO: Run Behavior\ParseTemplateBehavior [ RunTime:0.020195s ]
INFO: [ view_parse ] --END-- [ RunTime:0.020256s ]
INFO: [ view_filter ] --START--
INFO: Run Behavior\WriteHtmlCacheBehavior [ RunTime:0.000519s ]
INFO: [ view_filter ] --END-- [ RunTime:0.000559s ]
INFO: [ app_end ] --START--
INFO: Run Behavior\ShowPageTraceBehavior [ RunTime:0.000624s ]
INFO: [ app_end ] --END-- [ RunTime:0.000675s ]

[ 2016-03-12T21:57:19+08:00 ] ::1 /thinkphp/index.php/Home/Register/register
INFO: [ app_init ] --START--
INFO: Run Behavior\BuildLiteBehavior [ RunTime:0.000032s ]
INFO: [ app_init ] --END-- [ RunTime:0.000719s ]
INFO: [ app_begin ] --START--
INFO: Run Behavior\ReadHtmlCacheBehavior [ RunTime:0.000676s ]
INFO: [ app_begin ] --END-- [ RunTime:0.000741s ]
NOTIC: [8] A session had already been started - ignoring session_start() F:\php\WWW\thinkphp\bbs\Home\Controller\RegisterController.class.php 第 9 行.
INFO: [ view_parse ] --START--
INFO: [ template_filter ] --START--
INFO: Run Behavior\ContentReplaceBehavior [ RunTime:0.000052s ]
INFO: [ template_filter ] --END-- [ RunTime:0.000105s ]
SQL: SHOW COLUMNS FROM `tg_public` [ RunTime:0.0121s ]
SQL: SELECT COUNT(*) AS tp_count FROM `tg_public` WHERE ( tg_id ) LIMIT 1   [ RunTime:0.0011s ]
SQL: SELECT `tg_id`,`tg_picture` FROM `tg_public` ORDER BY tg_id LIMIT 0,12   [ RunTime:0.0013s ]
INFO: Run Behavior\ParseTemplateBehavior [ RunTime:1.051037s ]
INFO: [ view_parse ] --END-- [ RunTime:1.051176s ]
INFO: [ view_filter ] --START--
INFO: Run Behavior\WriteHtmlCacheBehavior [ RunTime:0.001450s ]
INFO: [ view_filter ] --END-- [ RunTime:0.001622s ]
INFO: [ app_end ] --START--
INFO: Run Behavior\ShowPageTraceBehavior [ RunTime:0.001749s ]
INFO: [ app_end ] --END-- [ RunTime:0.001898s ]

[ 2016-03-12T21:57:19+08:00 ] ::1 /thinkphp/index.php/Home/Register/code
INFO: [ app_init ] --START--
INFO: Run Behavior\BuildLiteBehavior [ RunTime:0.000024s ]
INFO: [ app_init ] --END-- [ RunTime:0.000702s ]
INFO: [ app_begin ] --START--
INFO: Run Behavior\ReadHtmlCacheBehavior [ RunTime:0.000827s ]
INFO: [ app_begin ] --END-- [ RunTime:0.000919s ]
NOTIC: [8] A session had already been started - ignoring session_start() F:\php\WWW\thinkphp\bbs\Common\Common\function.php 第 22 行.
NOTIC: [8] Undefined variable: _num F:\php\WWW\thinkphp\bbs\Common\Common\function.php 第 25 行.
INFO: [ app_end ] --START--
INFO: Run Behavior\ShowPageTraceBehavior [ RunTime:0.000865s ]
INFO: [ app_end ] --END-- [ RunTime:0.000968s ]

[ 2016-03-12T21:57:19+08:00 ] ::1 /thinkphp/index.php/Home/Register/checkse
INFO: [ app_init ] --START--
INFO: Run Behavior\BuildLiteBehavior [ RunTime:0.000015s ]
INFO: [ app_init ] --END-- [ RunTime:0.000462s ]
INFO: [ app_begin ] --START--
INFO: Run Behavior\ReadHtmlCacheBehavior [ RunTime:0.000550s ]
INFO: [ app_begin ] --END-- [ RunTime:0.000609s ]
INFO: [ app_end ] --START--
INFO: Run Behavior\ShowPageTraceBehavior [ RunTime:0.000860s ]
INFO: [ app_end ] --END-- [ RunTime:0.000951s ]

[ 2016-03-12T21:57:35+08:00 ] ::1 /thinkphp/index.php/Home/Register/checkname
INFO: [ app_init ] --START--
INFO: Run Behavior\BuildLiteBehavior [ RunTime:0.000014s ]
INFO: [ app_init ] --END-- [ RunTime:0.000439s ]
INFO: [ app_begin ] --START--
INFO: Run Behavior\ReadHtmlCacheBehavior [ RunTime:0.000502s ]
INFO: [ app_begin ] --END-- [ RunTime:0.000552s ]
SQL: SHOW COLUMNS FROM `tg_guest` [ RunTime:0.0127s ]
SQL: SELECT COUNT(*) AS tp_count FROM `tg_guest` WHERE ( tg_username='小兰' ) LIMIT 1   [ RunTime:0.0569s ]
INFO: [ app_end ] --START--
INFO: Run Behavior\ShowPageTraceBehavior [ RunTime:0.001955s ]
INFO: [ app_end ] --END-- [ RunTime:0.002101s ]

[ 2016-03-12T21:57:55+08:00 ] ::1 /thinkphp/index.php/Home/Register/checkcode
INFO: [ app_init ] --START--
INFO: Run Behavior\BuildLiteBehavior [ RunTime:0.000021s ]
INFO: [ app_init ] --END-- [ RunTime:0.000788s ]
INFO: [ app_begin ] --START--
INFO: Run Behavior\ReadHtmlCacheBehavior [ RunTime:0.000881s ]
INFO: [ app_begin ] --END-- [ RunTime:0.000963s ]
INFO: [ app_end ] --START--
INFO: Run Behavior\ShowPageTraceBehavior [ RunTime:0.000917s ]
INFO: [ app_end ] --END-- [ RunTime:0.001000s ]

[ 2016-03-12T21:57:56+08:00 ] ::1 /thinkphp/index.php/Home/Register/sql
INFO: [ app_init ] --START--
INFO: Run Behavior\BuildLiteBehavior [ RunTime:0.000015s ]
INFO: [ app_init ] --END-- [ RunTime:0.000445s ]
INFO: [ app_begin ] --START--
INFO: Run Behavior\ReadHtmlCacheBehavior [ RunTime:0.000510s ]
INFO: [ app_begin ] --END-- [ RunTime:0.000561s ]
SQL: SHOW COLUMNS FROM `tg_guest` [ RunTime:0.0339s ]
SQL: INSERT INTO `tg_guest` (`tg_uniqid`,`tg_active`,`tg_username`,`tg_password`,`tg_sex`,`tg_email`,`tg_reg_time`,`tg_last_time`) VALUES ('9d58dcf63d37905ff9f8644f5cfd1376f995a735','a2cef60fe4f4c62421651a2ca26e410b953324a7','小兰','4d9012b4a77a9524d675dad27c3276ab5705e5e8','女','keyide@qq.com','2016-03-12 21:57:56','::1') [ RunTime:0.0944s ]
ERR: 模板不存在:./bbs/Home/View/Register/active.html

[ 2016-03-12T22:01:54+08:00 ] ::1 /thinkphp/index.php/Home/Register/checkname
INFO: [ app_init ] --START--
INFO: Run Behavior\BuildLiteBehavior [ RunTime:0.000017s ]
INFO: [ app_init ] --END-- [ RunTime:0.000724s ]
INFO: [ app_begin ] --START--
INFO: Run Behavior\ReadHtmlCacheBehavior [ RunTime:0.000955s ]
INFO: [ app_begin ] --END-- [ RunTime:0.001027s ]
SQL: SHOW COLUMNS FROM `tg_guest` [ RunTime:0.0137s ]
SQL: SELECT COUNT(*) AS tp_count FROM `tg_guest` WHERE ( tg_username='小兰' ) LIMIT 1   [ RunTime:0.0009s ]
ERR: Think\Model:close方法不存在！

[ 2016-03-12T22:02:00+08:00 ] ::1 /thinkphp/index.php/Home/Register/checkname
INFO: [ app_init ] --START--
INFO: Run Behavior\BuildLiteBehavior [ RunTime:0.000014s ]
INFO: [ app_init ] --END-- [ RunTime:0.000553s ]
INFO: [ app_begin ] --START--
INFO: Run Behavior\ReadHtmlCacheBehavior [ RunTime:0.000716s ]
INFO: [ app_begin ] --END-- [ RunTime:0.000770s ]
SQL: SHOW COLUMNS FROM `tg_guest` [ RunTime:0.0140s ]
SQL: SELECT COUNT(*) AS tp_count FROM `tg_guest` WHERE ( tg_username='小兰' ) LIMIT 1   [ RunTime:0.0009s ]
ERR: Think\Model:close方法不存在！

[ 2016-03-12T22:02:04+08:00 ] ::1 /thinkphp/index.php/Home/Register/checkname
INFO: [ app_init ] --START--
INFO: Run Behavior\BuildLiteBehavior [ RunTime:0.000042s ]
INFO: [ app_init ] --END-- [ RunTime:0.001681s ]
INFO: [ app_begin ] --START--
INFO: Run Behavior\ReadHtmlCacheBehavior [ RunTime:0.000965s ]
INFO: [ app_begin ] --END-- [ RunTime:0.001047s ]
SQL: SHOW COLUMNS FROM `tg_guest` [ RunTime:0.0111s ]
SQL: SELECT COUNT(*) AS tp_count FROM `tg_guest` WHERE ( tg_username='小兰' ) LIMIT 1   [ RunTime:0.0010s ]
ERR: Think\Model:close方法不存在！

[ 2016-03-12T22:02:11+08:00 ] ::1 /thinkphp/index.php/Home/Register/register
INFO: [ app_init ] --START--
INFO: Run Behavior\BuildLiteBehavior [ RunTime:0.000016s ]
INFO: [ app_init ] --END-- [ RunTime:0.000635s ]
INFO: [ app_begin ] --START--
INFO: Run Behavior\ReadHtmlCacheBehavior [ RunTime:0.000720s ]
INFO: [ app_begin ] --END-- [ RunTime:0.000776s ]
NOTIC: [8] A session had already been started - ignoring session_start() F:\php\WWW\thinkphp\bbs\Home\Controller\RegisterController.class.php 第 9 行.
INFO: [ view_parse ] --START--
INFO: [ template_filter ] --START--
INFO: Run Behavior\ContentReplaceBehavior [ RunTime:0.000065s ]
INFO: [ template_filter ] --END-- [ RunTime:0.000121s ]
SQL: SHOW COLUMNS FROM `tg_public` [ RunTime:0.0109s ]
SQL: SELECT COUNT(*) AS tp_count FROM `tg_public` WHERE ( tg_id ) LIMIT 1   [ RunTime:0.0009s ]
SQL: SELECT `tg_id`,`tg_picture` FROM `tg_public` ORDER BY tg_id LIMIT 0,12   [ RunTime:0.0011s ]
INFO: Run Behavior\ParseTemplateBehavior [ RunTime:1.058819s ]
INFO: [ view_parse ] --END-- [ RunTime:1.058917s ]
INFO: [ view_filter ] --START--
INFO: Run Behavior\WriteHtmlCacheBehavior [ RunTime:0.001700s ]
INFO: [ view_filter ] --END-- [ RunTime:0.001847s ]
INFO: [ app_end ] --START--
INFO: Run Behavior\ShowPageTraceBehavior [ RunTime:0.002233s ]
INFO: [ app_end ] --END-- [ RunTime:0.002383s ]

[ 2016-03-12T22:02:11+08:00 ] ::1 /thinkphp/index.php/Home/Register/code
INFO: [ app_init ] --START--
INFO: Run Behavior\BuildLiteBehavior [ RunTime:0.000022s ]
INFO: [ app_init ] --END-- [ RunTime:0.000744s ]
INFO: [ app_begin ] --START--
INFO: Run Behavior\ReadHtmlCacheBehavior [ RunTime:0.000973s ]
INFO: [ app_begin ] --END-- [ RunTime:0.001077s ]
NOTIC: [8] A session had already been started - ignoring session_start() F:\php\WWW\thinkphp\bbs\Common\Common\function.php 第 22 行.
NOTIC: [8] Undefined variable: _num F:\php\WWW\thinkphp\bbs\Common\Common\function.php 第 25 行.
INFO: [ app_end ] --START--
INFO: Run Behavior\ShowPageTraceBehavior [ RunTime:0.001055s ]
INFO: [ app_end ] --END-- [ RunTime:0.001193s ]

[ 2016-03-12T22:02:11+08:00 ] ::1 /thinkphp/index.php/Home/Register/checkse
INFO: [ app_init ] --START--
INFO: Run Behavior\BuildLiteBehavior [ RunTime:0.000014s ]
INFO: [ app_init ] --END-- [ RunTime:0.000542s ]
INFO: [ app_begin ] --START--
INFO: Run Behavior\ReadHtmlCacheBehavior [ RunTime:0.000921s ]
INFO: [ app_begin ] --END-- [ RunTime:0.001004s ]
INFO: [ app_end ] --START--
INFO: Run Behavior\ShowPageTraceBehavior [ RunTime:0.000925s ]
INFO: [ app_end ] --END-- [ RunTime:0.001009s ]

[ 2016-03-12T22:02:21+08:00 ] ::1 /thinkphp/index.php/Home/Register/checkname
INFO: [ app_init ] --START--
INFO: Run Behavior\BuildLiteBehavior [ RunTime:0.000019s ]
INFO: [ app_init ] --END-- [ RunTime:0.000900s ]
INFO: [ app_begin ] --START--
INFO: Run Behavior\ReadHtmlCacheBehavior [ RunTime:0.000992s ]
INFO: [ app_begin ] --END-- [ RunTime:0.001068s ]
SQL: SHOW COLUMNS FROM `tg_guest` [ RunTime:0.0125s ]
SQL: SELECT COUNT(*) AS tp_count FROM `tg_guest` WHERE ( tg_username='小兰' ) LIMIT 1   [ RunTime:0.0010s ]
ERR: Think\Model:close方法不存在！

[ 2016-03-12T22:02:33+08:00 ] ::1 /thinkphp/index.php/Home/Register/register
INFO: [ app_init ] --START--
INFO: Run Behavior\BuildLiteBehavior [ RunTime:0.000016s ]
INFO: [ app_init ] --END-- [ RunTime:0.000523s ]
INFO: [ app_begin ] --START--
INFO: Run Behavior\ReadHtmlCacheBehavior [ RunTime:0.000645s ]
INFO: [ app_begin ] --END-- [ RunTime:0.000701s ]
NOTIC: [8] A session had already been started - ignoring session_start() F:\php\WWW\thinkphp\bbs\Home\Controller\RegisterController.class.php 第 9 行.
INFO: [ view_parse ] --START--
INFO: [ template_filter ] --START--
INFO: Run Behavior\ContentReplaceBehavior [ RunTime:0.000051s ]
INFO: [ template_filter ] --END-- [ RunTime:0.000100s ]
SQL: SHOW COLUMNS FROM `tg_public` [ RunTime:0.0102s ]
SQL: SELECT COUNT(*) AS tp_count FROM `tg_public` WHERE ( tg_id ) LIMIT 1   [ RunTime:0.0009s ]
SQL: SELECT `tg_id`,`tg_picture` FROM `tg_public` ORDER BY tg_id LIMIT 0,12   [ RunTime:0.0005s ]
INFO: Run Behavior\ParseTemplateBehavior [ RunTime:1.045918s ]
INFO: [ view_parse ] --END-- [ RunTime:1.045997s ]
INFO: [ view_filter ] --START--
INFO: Run Behavior\WriteHtmlCacheBehavior [ RunTime:0.000812s ]
INFO: [ view_filter ] --END-- [ RunTime:0.000887s ]
INFO: [ app_end ] --START--
INFO: Run Behavior\ShowPageTraceBehavior [ RunTime:0.001066s ]
INFO: [ app_end ] --END-- [ RunTime:0.001140s ]

[ 2016-03-12T22:02:33+08:00 ] ::1 /thinkphp/index.php/Home/Register/code
INFO: [ app_init ] --START--
INFO: Run Behavior\BuildLiteBehavior [ RunTime:0.000015s ]
INFO: [ app_init ] --END-- [ RunTime:0.000571s ]
INFO: [ app_begin ] --START--
INFO: Run Behavior\ReadHtmlCacheBehavior [ RunTime:0.001421s ]
INFO: [ app_begin ] --END-- [ RunTime:0.001519s ]
NOTIC: [8] A session had already been started - ignoring session_start() F:\php\WWW\thinkphp\bbs\Common\Common\function.php 第 22 行.
NOTIC: [8] Undefined variable: _num F:\php\WWW\thinkphp\bbs\Common\Common\function.php 第 25 行.
INFO: [ app_end ] --START--
INFO: Run Behavior\ShowPageTraceBehavior [ RunTime:0.000859s ]
INFO: [ app_end ] --END-- [ RunTime:0.000972s ]

[ 2016-03-12T22:02:33+08:00 ] ::1 /thinkphp/index.php/Home/Register/checkse
INFO: [ app_init ] --START--
INFO: Run Behavior\BuildLiteBehavior [ RunTime:0.000023s ]
INFO: [ app_init ] --END-- [ RunTime:0.000788s ]
INFO: [ app_begin ] --START--
INFO: Run Behavior\ReadHtmlCacheBehavior [ RunTime:0.000963s ]
INFO: [ app_begin ] --END-- [ RunTime:0.001051s ]
INFO: [ app_end ] --START--
INFO: Run Behavior\ShowPageTraceBehavior [ RunTime:0.000947s ]
INFO: [ app_end ] --END-- [ RunTime:0.001030s ]

[ 2016-03-12T22:02:35+08:00 ] ::1 /thinkphp/index.php/Home/Register/checkname
INFO: [ app_init ] --START--
INFO: Run Behavior\BuildLiteBehavior [ RunTime:0.000014s ]
INFO: [ app_init ] --END-- [ RunTime:0.000529s ]
INFO: [ app_begin ] --START--
INFO: Run Behavior\ReadHtmlCacheBehavior [ RunTime:0.000626s ]
INFO: [ app_begin ] --END-- [ RunTime:0.000677s ]
SQL: SHOW COLUMNS FROM `tg_guest` [ RunTime:0.0113s ]
SQL: SELECT COUNT(*) AS tp_count FROM `tg_guest` WHERE ( tg_username='小兰' ) LIMIT 1   [ RunTime:0.0009s ]
INFO: [ app_end ] --START--
INFO: Run Behavior\ShowPageTraceBehavior [ RunTime:0.002345s ]
INFO: [ app_end ] --END-- [ RunTime:0.002491s ]

[ 2016-03-12T22:02:58+08:00 ] ::1 /thinkphp/index.php/Home/Register/checkcode
INFO: [ app_init ] --START--
INFO: Run Behavior\BuildLiteBehavior [ RunTime:0.000017s ]
INFO: [ app_init ] --END-- [ RunTime:0.000733s ]
INFO: [ app_begin ] --START--
INFO: Run Behavior\ReadHtmlCacheBehavior [ RunTime:0.000910s ]
INFO: [ app_begin ] --END-- [ RunTime:0.000973s ]
INFO: [ app_end ] --START--
INFO: Run Behavior\ShowPageTraceBehavior [ RunTime:0.000934s ]
INFO: [ app_end ] --END-- [ RunTime:0.000998s ]

[ 2016-03-12T22:02:59+08:00 ] ::1 /thinkphp/index.php/Home/Register/sql
INFO: [ app_init ] --START--
INFO: Run Behavior\BuildLiteBehavior [ RunTime:0.000016s ]
INFO: [ app_init ] --END-- [ RunTime:0.000643s ]
INFO: [ app_begin ] --START--
INFO: Run Behavior\ReadHtmlCacheBehavior [ RunTime:0.000754s ]
INFO: [ app_begin ] --END-- [ RunTime:0.000815s ]
SQL: SHOW COLUMNS FROM `tg_guest` [ RunTime:0.0135s ]
SQL: INSERT INTO `tg_guest` (`tg_uniqid`,`tg_active`,`tg_username`,`tg_password`,`tg_sex`,`tg_face`,`tg_email`,`tg_reg_time`,`tg_last_time`,`tg_last_ip`) VALUES ('54e5c7ba0df5457f2ca4054d6805a288885e0613','439727b5845ed7146203f69e5e51c6d6005cc07c','小兰','4d9012b4a77a9524d675dad27c3276ab5705e5e8','女','http://localhost/thinkphp/Public/Images/face/m9.jpg','keyide@qq.com','2016-03-12 22:02:59','2016-03-12 22:02:59','::1') [ RunTime:0.0029s ]
INFO: [ app_end ] --START--
INFO: Run Behavior\ShowPageTraceBehavior [ RunTime:0.003262s ]
INFO: [ app_end ] --END-- [ RunTime:0.003468s ]

